<?xml version="1.0" encoding="UTF-8"?>
<testsuite name="ab1.Ab1Tests" tests="13" skipped="0" failures="1" errors="0" timestamp="2022-05-04T14:21:19" hostname="DESKTOP-O9RV168" time="14.362">
  <properties/>
  <testcase name="testQuickSortLarge()" classname="ab1.Ab1Tests" time="3.175">
    <failure message="java.lang.StackOverflowError" type="java.lang.StackOverflowError">java.lang.StackOverflowError
	at ab1.impl.Nachnamen.Ab1Impl.doQuicksort(Ab1Impl.java:194)
	at ab1.impl.Nachnamen.Ab1Impl.doQuicksort(Ab1Impl.java:194)
	at ab1.impl.Nachnamen.Ab1Impl.doQuicksort(Ab1Impl.java:194)
	at ab1.impl.Nachnamen.Ab1Impl.doQuicksort(Ab1Impl.java:194)
	at ab1.impl.Nachnamen.Ab1Impl.doQuicksort(Ab1Impl.java:194)
	at ab1.impl.Nachnamen.Ab1Impl.doQuicksort(Ab1Impl.java:194)
	at ab1.impl.Nachnamen.Ab1Impl.doQuicksort(Ab1Impl.java:194)
	at ab1.impl.Nachnamen.Ab1Impl.doQuicksort(Ab1Impl.java:194)
	at ab1.impl.Nachnamen.Ab1Impl.doQuicksort(Ab1Impl.java:194)
	at ab1.impl.Nachnamen.Ab1Impl.doQuicksort(Ab1Impl.java:194)
	at ab1.impl.Nachnamen.Ab1Impl.doQuicksort(Ab1Impl.java:194)
	at ab1.impl.Nachnamen.Ab1Impl.doQuicksort(Ab1Impl.java:194)
	at ab1.impl.Nachnamen.Ab1Impl.doQuicksort(Ab1Impl.java:194)
	at ab1.impl.Nachnamen.Ab1Impl.doQuicksort(Ab1Impl.java:194)
	at ab1.impl.Nachnamen.Ab1Impl.doQuicksort(Ab1Impl.java:194)
	at ab1.impl.Nachnamen.Ab1Impl.doQuicksort(Ab1Impl.java:194)
	at ab1.impl.Nachnamen.Ab1Impl.doQuicksort(Ab1Impl.java:194)
	at ab1.impl.Nachnamen.Ab1Impl.doQuicksort(Ab1Impl.java:194)
	at ab1.impl.Nachnamen.Ab1Impl.doQuicksort(Ab1Impl.java:194)
	at ab1.impl.Nachnamen.Ab1Impl.doQuicksort(Ab1Impl.java:194)
	at ab1.impl.Nachnamen.Ab1Impl.doQuicksort(Ab1Impl.java:194)
	at ab1.impl.Nachnamen.Ab1Impl.doQuicksort(Ab1Impl.java:194)
	at ab1.impl.Nachnamen.Ab1Impl.doQuicksort(Ab1Impl.java:194)
	at ab1.impl.Nachnamen.Ab1Impl.doQuicksort(Ab1Impl.java:194)
	at ab1.impl.Nachnamen.Ab1Impl.doQuicksort(Ab1Impl.java:194)
	at ab1.impl.Nachnamen.Ab1Impl.doQuicksort(Ab1Impl.java:194)
	at ab1.impl.Nachnamen.Ab1Impl.doQuicksort(Ab1Impl.java:194)
	at ab1.impl.Nachnamen.Ab1Impl.doQuicksort(Ab1Impl.java:194)
	at ab1.impl.Nachnamen.Ab1Impl.doQuicksort(Ab1Impl.java:194)
	at ab1.impl.Nachnamen.Ab1Impl.doQuicksort(Ab1Impl.java:194)
	at ab1.impl.Nachnamen.Ab1Impl.doQuicksort(Ab1Impl.java:194)
	at ab1.impl.Nachnamen.Ab1Impl.doQuicksort(Ab1Impl.java:194)
	at ab1.impl.Nachnamen.Ab1Impl.doQuicksort(Ab1Impl.java:194)
	at ab1.impl.Nachnamen.Ab1Impl.doQuicksort(Ab1Impl.java:194)
	at ab1.impl.Nachnamen.Ab1Impl.doQuicksort(Ab1Impl.java:194)
	at ab1.impl.Nachnamen.Ab1Impl.doQuicksort(Ab1Impl.java:194)
	at ab1.impl.Nachnamen.Ab1Impl.doQuicksort(Ab1Impl.java:194)
	at ab1.impl.Nachnamen.Ab1Impl.doQuicksort(Ab1Impl.java:194)
	at ab1.impl.Nachnamen.Ab1Impl.doQuicksort(Ab1Impl.java:194)
	at ab1.impl.Nachnamen.Ab1Impl.doQuicksort(Ab1Impl.java:194)
	at ab1.impl.Nachnamen.Ab1Impl.doQuicksort(Ab1Impl.java:194)
	at ab1.impl.Nachnamen.Ab1Impl.doQuicksort(Ab1Impl.java:194)
	at ab1.impl.Nachnamen.Ab1Impl.doQuicksort(Ab1Impl.java:194)
	at ab1.impl.Nachnamen.Ab1Impl.doQuicksort(Ab1Impl.java:194)
	at ab1.impl.Nachnamen.Ab1Impl.doQuicksort(Ab1Impl.java:194)
	at ab1.impl.Nachnamen.Ab1Impl.doQuicksort(Ab1Impl.java:194)
	at ab1.impl.Nachnamen.Ab1Impl.doQuicksort(Ab1Impl.java:194)
	at ab1.impl.Nachnamen.Ab1Impl.doQuicksort(Ab1Impl.java:194)
	at ab1.impl.Nachnamen.Ab1Impl.doQuicksort(Ab1Impl.java:194)
	at ab1.impl.Nachnamen.Ab1Impl.doQuicksort(Ab1Impl.java:194)
	at ab1.impl.Nachnamen.Ab1Impl.doQuicksort(Ab1Impl.java:194)
	at ab1.impl.Nachnamen.Ab1Impl.doQuicksort(Ab1Impl.java:194)
	at ab1.impl.Nachnamen.Ab1Impl.doQuicksort(Ab1Impl.java:194)
	at ab1.impl.Nachnamen.Ab1Impl.doQuicksort(Ab1Impl.java:194)
	at ab1.impl.Nachnamen.Ab1Impl.doQuicksort(Ab1Impl.java:194)
	at ab1.impl.Nachnamen.Ab1Impl.doQuicksort(Ab1Impl.java:194)
	at ab1.impl.Nachnamen.Ab1Impl.doQuicksort(Ab1Impl.java:194)
	at ab1.impl.Nachnamen.Ab1Impl.doQuicksort(Ab1Impl.java:194)
	at ab1.impl.Nachnamen.Ab1Impl.doQuicksort(Ab1Impl.java:194)
	at ab1.impl.Nachnamen.Ab1Impl.doQuicksort(Ab1Impl.java:194)
	at ab1.impl.Nachnamen.Ab1Impl.doQuicksort(Ab1Impl.java:194)
	at ab1.impl.Nachnamen.Ab1Impl.doQuicksort(Ab1Impl.java:194)
	at ab1.impl.Nachnamen.Ab1Impl.doQuicksort(Ab1Impl.java:194)
	at ab1.impl.Nachnamen.Ab1Impl.doQuicksort(Ab1Impl.java:194)
	at ab1.impl.Nachnamen.Ab1Impl.doQuicksort(Ab1Impl.java:194)
	at ab1.impl.Nachnamen.Ab1Impl.doQuicksort(Ab1Impl.java:194)
	at ab1.impl.Nachnamen.Ab1Impl.doQuicksort(Ab1Impl.java:194)
	at ab1.impl.Nachnamen.Ab1Impl.doQuicksort(Ab1Impl.java:194)
	at ab1.impl.Nachnamen.Ab1Impl.doQuicksort(Ab1Impl.java:194)
	at ab1.impl.Nachnamen.Ab1Impl.doQuicksort(Ab1Impl.java:194)
	at ab1.impl.Nachnamen.Ab1Impl.doQuicksort(Ab1Impl.java:194)
	at ab1.impl.Nachnamen.Ab1Impl.doQuicksort(Ab1Impl.java:194)
	at ab1.impl.Nachnamen.Ab1Impl.doQuicksort(Ab1Impl.java:194)
	at ab1.impl.Nachnamen.Ab1Impl.doQuicksort(Ab1Impl.java:194)
	at ab1.impl.Nachnamen.Ab1Impl.doQuicksort(Ab1Impl.java:194)
	at ab1.impl.Nachnamen.Ab1Impl.doQuicksort(Ab1Impl.java:194)
	at ab1.impl.Nachnamen.Ab1Impl.doQuicksort(Ab1Impl.java:194)
	at ab1.impl.Nachnamen.Ab1Impl.doQuicksort(Ab1Impl.java:194)
	at ab1.impl.Nachnamen.Ab1Impl.doQuicksort(Ab1Impl.java:194)
	at ab1.impl.Nachnamen.Ab1Impl.doQuicksort(Ab1Impl.java:194)
	at ab1.impl.Nachnamen.Ab1Impl.doQuicksort(Ab1Impl.java:194)
	at ab1.impl.Nachnamen.Ab1Impl.doQuicksort(Ab1Impl.java:194)
	at ab1.impl.Nachnamen.Ab1Impl.doQuicksort(Ab1Impl.java:194)
	at ab1.impl.Nachnamen.Ab1Impl.doQuicksort(Ab1Impl.java:194)
	at ab1.impl.Nachnamen.Ab1Impl.doQuicksort(Ab1Impl.java:194)
	at ab1.impl.Nachnamen.Ab1Impl.doQuicksort(Ab1Impl.java:194)
	at ab1.impl.Nachnamen.Ab1Impl.doQuicksort(Ab1Impl.java:194)
	at ab1.impl.Nachnamen.Ab1Impl.doQuicksort(Ab1Impl.java:194)
	at ab1.impl.Nachnamen.Ab1Impl.doQuicksort(Ab1Impl.java:194)
	at ab1.impl.Nachnamen.Ab1Impl.doQuicksort(Ab1Impl.java:194)
	at ab1.impl.Nachnamen.Ab1Impl.doQuicksort(Ab1Impl.java:194)
	at ab1.impl.Nachnamen.Ab1Impl.doQuicksort(Ab1Impl.java:194)
	at ab1.impl.Nachnamen.Ab1Impl.doQuicksort(Ab1Impl.java:194)
	at ab1.impl.Nachnamen.Ab1Impl.doQuicksort(Ab1Impl.java:194)
	at ab1.impl.Nachnamen.Ab1Impl.doQuicksort(Ab1Impl.java:194)
	at ab1.impl.Nachnamen.Ab1Impl.doQuicksort(Ab1Impl.java:194)
	at ab1.impl.Nachnamen.Ab1Impl.doQuicksort(Ab1Impl.java:194)
	at ab1.impl.Nachnamen.Ab1Impl.doQuicksort(Ab1Impl.java:194)
	at ab1.impl.Nachnamen.Ab1Impl.doQuicksort(Ab1Impl.java:194)
	at ab1.impl.Nachnamen.Ab1Impl.doQuicksort(Ab1Impl.java:194)
	at ab1.impl.Nachnamen.Ab1Impl.doQuicksort(Ab1Impl.java:194)
	at ab1.impl.Nachnamen.Ab1Impl.doQuicksort(Ab1Impl.java:194)
	at ab1.impl.Nachnamen.Ab1Impl.doQuicksort(Ab1Impl.java:194)
	at ab1.impl.Nachnamen.Ab1Impl.doQuicksort(Ab1Impl.java:194)
	at ab1.impl.Nachnamen.Ab1Impl.doQuicksort(Ab1Impl.java:194)
	at ab1.impl.Nachnamen.Ab1Impl.doQuicksort(Ab1Impl.java:194)
	at ab1.impl.Nachnamen.Ab1Impl.doQuicksort(Ab1Impl.java:194)
	at ab1.impl.Nachnamen.Ab1Impl.doQuicksort(Ab1Impl.java:194)
	at ab1.impl.Nachnamen.Ab1Impl.doQuicksort(Ab1Impl.java:194)
	at ab1.impl.Nachnamen.Ab1Impl.doQuicksort(Ab1Impl.java:194)
	at ab1.impl.Nachnamen.Ab1Impl.doQuicksort(Ab1Impl.java:194)
	at ab1.impl.Nachnamen.Ab1Impl.doQuicksort(Ab1Impl.java:194)
	at ab1.impl.Nachnamen.Ab1Impl.doQuicksort(Ab1Impl.java:194)
	at ab1.impl.Nachnamen.Ab1Impl.doQuicksort(Ab1Impl.java:194)
	at ab1.impl.Nachnamen.Ab1Impl.doQuicksort(Ab1Impl.java:194)
	at ab1.impl.Nachnamen.Ab1Impl.doQuicksort(Ab1Impl.java:194)
	at ab1.impl.Nachnamen.Ab1Impl.doQuicksort(Ab1Impl.java:194)
	at ab1.impl.Nachnamen.Ab1Impl.doQuicksort(Ab1Impl.java:194)
	at ab1.impl.Nachnamen.Ab1Impl.doQuicksort(Ab1Impl.java:194)
	at ab1.impl.Nachnamen.Ab1Impl.doQuicksort(Ab1Impl.java:194)
	at ab1.impl.Nachnamen.Ab1Impl.doQuicksort(Ab1Impl.java:194)
	at ab1.impl.Nachnamen.Ab1Impl.doQuicksort(Ab1Impl.java:194)
	at ab1.impl.Nachnamen.Ab1Impl.doQuicksort(Ab1Impl.java:194)
	at ab1.impl.Nachnamen.Ab1Impl.doQuicksort(Ab1Impl.java:194)
	at ab1.impl.Nachnamen.Ab1Impl.doQuicksort(Ab1Impl.java:194)
	at ab1.impl.Nachnamen.Ab1Impl.doQuicksort(Ab1Impl.java:194)
	at ab1.impl.Nachnamen.Ab1Impl.doQuicksort(Ab1Impl.java:194)
	at ab1.impl.Nachnamen.Ab1Impl.doQuicksort(Ab1Impl.java:194)
	at ab1.impl.Nachnamen.Ab1Impl.doQuicksort(Ab1Impl.java:194)
	at ab1.impl.Nachnamen.Ab1Impl.doQuicksort(Ab1Impl.java:194)
	at ab1.impl.Nachnamen.Ab1Impl.doQuicksort(Ab1Impl.java:194)
	at ab1.impl.Nachnamen.Ab1Impl.doQuicksort(Ab1Impl.java:194)
	at ab1.impl.Nachnamen.Ab1Impl.doQuicksort(Ab1Impl.java:194)
	at ab1.impl.Nachnamen.Ab1Impl.doQuicksort(Ab1Impl.java:194)
	at ab1.impl.Nachnamen.Ab1Impl.doQuicksort(Ab1Impl.java:194)
	at ab1.impl.Nachnamen.Ab1Impl.doQuicksort(Ab1Impl.java:194)
	at ab1.impl.Nachnamen.Ab1Impl.doQuicksort(Ab1Impl.java:194)
	at ab1.impl.Nachnamen.Ab1Impl.doQuicksort(Ab1Impl.java:194)
	at ab1.impl.Nachnamen.Ab1Impl.doQuicksort(Ab1Impl.java:194)
	at ab1.impl.Nachnamen.Ab1Impl.doQuicksort(Ab1Impl.java:194)
	at ab1.impl.Nachnamen.Ab1Impl.doQuicksort(Ab1Impl.java:194)
	at ab1.impl.Nachnamen.Ab1Impl.doQuicksort(Ab1Impl.java:194)
	at ab1.impl.Nachnamen.Ab1Impl.doQuicksort(Ab1Impl.java:194)
	at ab1.impl.Nachnamen.Ab1Impl.doQuicksort(Ab1Impl.java:194)
	at ab1.impl.Nachnamen.Ab1Impl.doQuicksort(Ab1Impl.java:194)
	at ab1.impl.Nachnamen.Ab1Impl.doQuicksort(Ab1Impl.java:194)
	at ab1.impl.Nachnamen.Ab1Impl.doQuicksort(Ab1Impl.java:194)
	at ab1.impl.Nachnamen.Ab1Impl.doQuicksort(Ab1Impl.java:194)
	at ab1.impl.Nachnamen.Ab1Impl.doQuicksort(Ab1Impl.java:194)
	at ab1.impl.Nachnamen.Ab1Impl.doQuicksort(Ab1Impl.java:194)
	at ab1.impl.Nachnamen.Ab1Impl.doQuicksort(Ab1Impl.java:194)
	at ab1.impl.Nachnamen.Ab1Impl.doQuicksort(Ab1Impl.java:194)
	at ab1.impl.Nachnamen.Ab1Impl.doQuicksort(Ab1Impl.java:194)
	at ab1.impl.Nachnamen.Ab1Impl.doQuicksort(Ab1Impl.java:194)
	at ab1.impl.Nachnamen.Ab1Impl.doQuicksort(Ab1Impl.java:194)
	at ab1.impl.Nachnamen.Ab1Impl.doQuicksort(Ab1Impl.java:194)
	at ab1.impl.Nachnamen.Ab1Impl.doQuicksort(Ab1Impl.java:194)
	at ab1.impl.Nachnamen.Ab1Impl.doQuicksort(Ab1Impl.java:194)
	at ab1.impl.Nachnamen.Ab1Impl.doQuicksort(Ab1Impl.java:194)
	at ab1.impl.Nachnamen.Ab1Impl.doQuicksort(Ab1Impl.java:194)
	at ab1.impl.Nachnamen.Ab1Impl.doQuicksort(Ab1Impl.java:194)
	at ab1.impl.Nachnamen.Ab1Impl.doQuicksort(Ab1Impl.java:194)
	at ab1.impl.Nachnamen.Ab1Impl.doQuicksort(Ab1Impl.java:194)
	at ab1.impl.Nachnamen.Ab1Impl.doQuicksort(Ab1Impl.java:194)
	at ab1.impl.Nachnamen.Ab1Impl.doQuicksort(Ab1Impl.java:194)
	at ab1.impl.Nachnamen.Ab1Impl.doQuicksort(Ab1Impl.java:194)
	at ab1.impl.Nachnamen.Ab1Impl.doQuicksort(Ab1Impl.java:194)
	at ab1.impl.Nachnamen.Ab1Impl.doQuicksort(Ab1Impl.java:194)
	at ab1.impl.Nachnamen.Ab1Impl.doQuicksort(Ab1Impl.java:194)
	at ab1.impl.Nachnamen.Ab1Impl.doQuicksort(Ab1Impl.java:194)
	at ab1.impl.Nachnamen.Ab1Impl.doQuicksort(Ab1Impl.java:194)
	at ab1.impl.Nachnamen.Ab1Impl.doQuicksort(Ab1Impl.java:194)
	at ab1.impl.Nachnamen.Ab1Impl.doQuicksort(Ab1Impl.java:194)
	at ab1.impl.Nachnamen.Ab1Impl.doQuicksort(Ab1Impl.java:194)
	at ab1.impl.Nachnamen.Ab1Impl.doQuicksort(Ab1Impl.java:194)
	at ab1.impl.Nachnamen.Ab1Impl.doQuicksort(Ab1Impl.java:194)
	at ab1.impl.Nachnamen.Ab1Impl.doQuicksort(Ab1Impl.java:194)
	at ab1.impl.Nachnamen.Ab1Impl.doQuicksort(Ab1Impl.java:194)
	at ab1.impl.Nachnamen.Ab1Impl.doQuicksort(Ab1Impl.java:194)
	at ab1.impl.Nachnamen.Ab1Impl.doQuicksort(Ab1Impl.java:194)
	at ab1.impl.Nachnamen.Ab1Impl.doQuicksort(Ab1Impl.java:194)
	at ab1.impl.Nachnamen.Ab1Impl.doQuicksort(Ab1Impl.java:194)
	at ab1.impl.Nachnamen.Ab1Impl.doQuicksort(Ab1Impl.java:194)
	at ab1.impl.Nachnamen.Ab1Impl.doQuicksort(Ab1Impl.java:194)
	at ab1.impl.Nachnamen.Ab1Impl.doQuicksort(Ab1Impl.java:194)
	at ab1.impl.Nachnamen.Ab1Impl.doQuicksort(Ab1Impl.java:194)
	at ab1.impl.Nachnamen.Ab1Impl.doQuicksort(Ab1Impl.java:194)
	at ab1.impl.Nachnamen.Ab1Impl.doQuicksort(Ab1Impl.java:194)
	at ab1.impl.Nachnamen.Ab1Impl.doQuicksort(Ab1Impl.java:194)
	at ab1.impl.Nachnamen.Ab1Impl.doQuicksort(Ab1Impl.java:194)
	at ab1.impl.Nachnamen.Ab1Impl.doQuicksort(Ab1Impl.java:194)
	at ab1.impl.Nachnamen.Ab1Impl.doQuicksort(Ab1Impl.java:194)
	at ab1.impl.Nachnamen.Ab1Impl.doQuicksort(Ab1Impl.java:194)
	at ab1.impl.Nachnamen.Ab1Impl.doQuicksort(Ab1Impl.java:194)
	at ab1.impl.Nachnamen.Ab1Impl.doQuicksort(Ab1Impl.java:194)
	at ab1.impl.Nachnamen.Ab1Impl.doQuicksort(Ab1Impl.java:194)
	at ab1.impl.Nachnamen.Ab1Impl.doQuicksort(Ab1Impl.java:194)
	at ab1.impl.Nachnamen.Ab1Impl.doQuicksort(Ab1Impl.java:194)
	at ab1.impl.Nachnamen.Ab1Impl.doQuicksort(Ab1Impl.java:194)
	at ab1.impl.Nachnamen.Ab1Impl.doQuicksort(Ab1Impl.java:194)
	at ab1.impl.Nachnamen.Ab1Impl.doQuicksort(Ab1Impl.java:194)
	at ab1.impl.Nachnamen.Ab1Impl.doQuicksort(Ab1Impl.java:194)
	at ab1.impl.Nachnamen.Ab1Impl.doQuicksort(Ab1Impl.java:194)
	at ab1.impl.Nachnamen.Ab1Impl.doQuicksort(Ab1Impl.java:194)
	at ab1.impl.Nachnamen.Ab1Impl.doQuicksort(Ab1Impl.java:194)
	at ab1.impl.Nachnamen.Ab1Impl.doQuicksort(Ab1Impl.java:194)
	at ab1.impl.Nachnamen.Ab1Impl.doQuicksort(Ab1Impl.java:194)
	at ab1.impl.Nachnamen.Ab1Impl.doQuicksort(Ab1Impl.java:194)
	at ab1.impl.Nachnamen.Ab1Impl.doQuicksort(Ab1Impl.java:194)
	at ab1.impl.Nachnamen.Ab1Impl.doQuicksort(Ab1Impl.java:194)
	at ab1.impl.Nachnamen.Ab1Impl.doQuicksort(Ab1Impl.java:194)
	at ab1.impl.Nachnamen.Ab1Impl.doQuicksort(Ab1Impl.java:194)
	at ab1.impl.Nachnamen.Ab1Impl.doQuicksort(Ab1Impl.java:194)
	at ab1.impl.Nachnamen.Ab1Impl.doQuicksort(Ab1Impl.java:194)
	at ab1.impl.Nachnamen.Ab1Impl.doQuicksort(Ab1Impl.java:194)
	at ab1.impl.Nachnamen.Ab1Impl.doQuicksort(Ab1Impl.java:194)
	at ab1.impl.Nachnamen.Ab1Impl.doQuicksort(Ab1Impl.java:194)
	at ab1.impl.Nachnamen.Ab1Impl.doQuicksort(Ab1Impl.java:194)
	at ab1.impl.Nachnamen.Ab1Impl.doQuicksort(Ab1Impl.java:194)
	at ab1.impl.Nachnamen.Ab1Impl.doQuicksort(Ab1Impl.java:194)
	at ab1.impl.Nachnamen.Ab1Impl.doQuicksort(Ab1Impl.java:194)
	at ab1.impl.Nachnamen.Ab1Impl.doQuicksort(Ab1Impl.java:194)
	at ab1.impl.Nachnamen.Ab1Impl.doQuicksort(Ab1Impl.java:194)
	at ab1.impl.Nachnamen.Ab1Impl.doQuicksort(Ab1Impl.java:194)
	at ab1.impl.Nachnamen.Ab1Impl.doQuicksort(Ab1Impl.java:194)
	at ab1.impl.Nachnamen.Ab1Impl.doQuicksort(Ab1Impl.java:194)
	at ab1.impl.Nachnamen.Ab1Impl.doQuicksort(Ab1Impl.java:194)
	at ab1.impl.Nachnamen.Ab1Impl.doQuicksort(Ab1Impl.java:194)
	at ab1.impl.Nachnamen.Ab1Impl.doQuicksort(Ab1Impl.java:194)
	at ab1.impl.Nachnamen.Ab1Impl.doQuicksort(Ab1Impl.java:194)
	at ab1.impl.Nachnamen.Ab1Impl.doQuicksort(Ab1Impl.java:194)
	at ab1.impl.Nachnamen.Ab1Impl.doQuicksort(Ab1Impl.java:194)
	at ab1.impl.Nachnamen.Ab1Impl.doQuicksort(Ab1Impl.java:194)
	at ab1.impl.Nachnamen.Ab1Impl.doQuicksort(Ab1Impl.java:194)
	at ab1.impl.Nachnamen.Ab1Impl.doQuicksort(Ab1Impl.java:194)
	at ab1.impl.Nachnamen.Ab1Impl.doQuicksort(Ab1Impl.java:194)
	at ab1.impl.Nachnamen.Ab1Impl.doQuicksort(Ab1Impl.java:194)
	at ab1.impl.Nachnamen.Ab1Impl.doQuicksort(Ab1Impl.java:194)
	at ab1.impl.Nachnamen.Ab1Impl.doQuicksort(Ab1Impl.java:194)
	at ab1.impl.Nachnamen.Ab1Impl.doQuicksort(Ab1Impl.java:194)
	at ab1.impl.Nachnamen.Ab1Impl.doQuicksort(Ab1Impl.java:194)
	at ab1.impl.Nachnamen.Ab1Impl.doQuicksort(Ab1Impl.java:194)
	at ab1.impl.Nachnamen.Ab1Impl.doQuicksort(Ab1Impl.java:194)
	at ab1.impl.Nachnamen.Ab1Impl.doQuicksort(Ab1Impl.java:194)
	at ab1.impl.Nachnamen.Ab1Impl.doQuicksort(Ab1Impl.java:194)
	at ab1.impl.Nachnamen.Ab1Impl.doQuicksort(Ab1Impl.java:194)
	at ab1.impl.Nachnamen.Ab1Impl.doQuicksort(Ab1Impl.java:194)
	at ab1.impl.Nachnamen.Ab1Impl.doQuicksort(Ab1Impl.java:194)
	at ab1.impl.Nachnamen.Ab1Impl.doQuicksort(Ab1Impl.java:194)
	at ab1.impl.Nachnamen.Ab1Impl.doQuicksort(Ab1Impl.java:194)
	at ab1.impl.Nachnamen.Ab1Impl.doQuicksort(Ab1Impl.java:194)
	at ab1.impl.Nachnamen.Ab1Impl.doQuicksort(Ab1Impl.java:194)
	at ab1.impl.Nachnamen.Ab1Impl.doQuicksort(Ab1Impl.java:194)
	at ab1.impl.Nachnamen.Ab1Impl.doQuicksort(Ab1Impl.java:194)
	at ab1.impl.Nachnamen.Ab1Impl.doQuicksort(Ab1Impl.java:194)
	at ab1.impl.Nachnamen.Ab1Impl.doQuicksort(Ab1Impl.java:194)
	at ab1.impl.Nachnamen.Ab1Impl.doQuicksort(Ab1Impl.java:194)
	at ab1.impl.Nachnamen.Ab1Impl.doQuicksort(Ab1Impl.java:194)
	at ab1.impl.Nachnamen.Ab1Impl.doQuicksort(Ab1Impl.java:194)
	at ab1.impl.Nachnamen.Ab1Impl.doQuicksort(Ab1Impl.java:194)
	at ab1.impl.Nachnamen.Ab1Impl.doQuicksort(Ab1Impl.java:194)
	at ab1.impl.Nachnamen.Ab1Impl.doQuicksort(Ab1Impl.java:194)
	at ab1.impl.Nachnamen.Ab1Impl.doQuicksort(Ab1Impl.java:194)
	at ab1.impl.Nachnamen.Ab1Impl.doQuicksort(Ab1Impl.java:194)
	at ab1.impl.Nachnamen.Ab1Impl.doQuicksort(Ab1Impl.java:194)
	at ab1.impl.Nachnamen.Ab1Impl.doQuicksort(Ab1Impl.java:194)
	at ab1.impl.Nachnamen.Ab1Impl.doQuicksort(Ab1Impl.java:194)
	at ab1.impl.Nachnamen.Ab1Impl.doQuicksort(Ab1Impl.java:194)
	at ab1.impl.Nachnamen.Ab1Impl.doQuicksort(Ab1Impl.java:194)
	at ab1.impl.Nachnamen.Ab1Impl.doQuicksort(Ab1Impl.java:194)
	at ab1.impl.Nachnamen.Ab1Impl.doQuicksort(Ab1Impl.java:194)
	at ab1.impl.Nachnamen.Ab1Impl.doQuicksort(Ab1Impl.java:194)
	at ab1.impl.Nachnamen.Ab1Impl.doQuicksort(Ab1Impl.java:194)
	at ab1.impl.Nachnamen.Ab1Impl.doQuicksort(Ab1Impl.java:194)
	at ab1.impl.Nachnamen.Ab1Impl.doQuicksort(Ab1Impl.java:194)
	at ab1.impl.Nachnamen.Ab1Impl.doQuicksort(Ab1Impl.java:194)
	at ab1.impl.Nachnamen.Ab1Impl.doQuicksort(Ab1Impl.java:194)
	at ab1.impl.Nachnamen.Ab1Impl.doQuicksort(Ab1Impl.java:194)
	at ab1.impl.Nachnamen.Ab1Impl.doQuicksort(Ab1Impl.java:194)
	at ab1.impl.Nachnamen.Ab1Impl.doQuicksort(Ab1Impl.java:194)
	at ab1.impl.Nachnamen.Ab1Impl.doQuicksort(Ab1Impl.java:194)
	at ab1.impl.Nachnamen.Ab1Impl.doQuicksort(Ab1Impl.java:194)
	at ab1.impl.Nachnamen.Ab1Impl.doQuicksort(Ab1Impl.java:194)
	at ab1.impl.Nachnamen.Ab1Impl.doQuicksort(Ab1Impl.java:194)
	at ab1.impl.Nachnamen.Ab1Impl.doQuicksort(Ab1Impl.java:194)
	at ab1.impl.Nachnamen.Ab1Impl.doQuicksort(Ab1Impl.java:194)
	at ab1.impl.Nachnamen.Ab1Impl.doQuicksort(Ab1Impl.java:194)
	at ab1.impl.Nachnamen.Ab1Impl.doQuicksort(Ab1Impl.java:194)
	at ab1.impl.Nachnamen.Ab1Impl.doQuicksort(Ab1Impl.java:194)
	at ab1.impl.Nachnamen.Ab1Impl.doQuicksort(Ab1Impl.java:194)
	at ab1.impl.Nachnamen.Ab1Impl.doQuicksort(Ab1Impl.java:194)
	at ab1.impl.Nachnamen.Ab1Impl.doQuicksort(Ab1Impl.java:194)
	at ab1.impl.Nachnamen.Ab1Impl.doQuicksort(Ab1Impl.java:194)
	at ab1.impl.Nachnamen.Ab1Impl.doQuicksort(Ab1Impl.java:194)
	at ab1.impl.Nachnamen.Ab1Impl.doQuicksort(Ab1Impl.java:194)
	at ab1.impl.Nachnamen.Ab1Impl.doQuicksort(Ab1Impl.java:194)
	at ab1.impl.Nachnamen.Ab1Impl.doQuicksort(Ab1Impl.java:194)
	at ab1.impl.Nachnamen.Ab1Impl.doQuicksort(Ab1Impl.java:194)
	at ab1.impl.Nachnamen.Ab1Impl.doQuicksort(Ab1Impl.java:194)
	at ab1.impl.Nachnamen.Ab1Impl.doQuicksort(Ab1Impl.java:194)
	at ab1.impl.Nachnamen.Ab1Impl.doQuicksort(Ab1Impl.java:194)
	at ab1.impl.Nachnamen.Ab1Impl.doQuicksort(Ab1Impl.java:194)
	at ab1.impl.Nachnamen.Ab1Impl.doQuicksort(Ab1Impl.java:194)
	at ab1.impl.Nachnamen.Ab1Impl.doQuicksort(Ab1Impl.java:194)
	at ab1.impl.Nachnamen.Ab1Impl.doQuicksort(Ab1Impl.java:194)
	at ab1.impl.Nachnamen.Ab1Impl.doQuicksort(Ab1Impl.java:194)
	at ab1.impl.Nachnamen.Ab1Impl.doQuicksort(Ab1Impl.java:194)
	at ab1.impl.Nachnamen.Ab1Impl.doQuicksort(Ab1Impl.java:194)
	at ab1.impl.Nachnamen.Ab1Impl.doQuicksort(Ab1Impl.java:194)
	at ab1.impl.Nachnamen.Ab1Impl.doQuicksort(Ab1Impl.java:194)
	at ab1.impl.Nachnamen.Ab1Impl.doQuicksort(Ab1Impl.java:194)
	at ab1.impl.Nachnamen.Ab1Impl.doQuicksort(Ab1Impl.java:194)
	at ab1.impl.Nachnamen.Ab1Impl.doQuicksort(Ab1Impl.java:194)
	at ab1.impl.Nachnamen.Ab1Impl.doQuicksort(Ab1Impl.java:194)
	at ab1.impl.Nachnamen.Ab1Impl.doQuicksort(Ab1Impl.java:194)
	at ab1.impl.Nachnamen.Ab1Impl.doQuicksort(Ab1Impl.java:194)
	at ab1.impl.Nachnamen.Ab1Impl.doQuicksort(Ab1Impl.java:194)
	at ab1.impl.Nachnamen.Ab1Impl.doQuicksort(Ab1Impl.java:194)
	at ab1.impl.Nachnamen.Ab1Impl.doQuicksort(Ab1Impl.java:194)
	at ab1.impl.Nachnamen.Ab1Impl.doQuicksort(Ab1Impl.java:194)
	at ab1.impl.Nachnamen.Ab1Impl.doQuicksort(Ab1Impl.java:194)
	at ab1.impl.Nachnamen.Ab1Impl.doQuicksort(Ab1Impl.java:194)
	at ab1.impl.Nachnamen.Ab1Impl.doQuicksort(Ab1Impl.java:194)
	at ab1.impl.Nachnamen.Ab1Impl.doQuicksort(Ab1Impl.java:194)
	at ab1.impl.Nachnamen.Ab1Impl.doQuicksort(Ab1Impl.java:194)
	at ab1.impl.Nachnamen.Ab1Impl.doQuicksort(Ab1Impl.java:194)
	at ab1.impl.Nachnamen.Ab1Impl.doQuicksort(Ab1Impl.java:194)
	at ab1.impl.Nachnamen.Ab1Impl.doQuicksort(Ab1Impl.java:194)
	at ab1.impl.Nachnamen.Ab1Impl.doQuicksort(Ab1Impl.java:194)
	at ab1.impl.Nachnamen.Ab1Impl.doQuicksort(Ab1Impl.java:194)
	at ab1.impl.Nachnamen.Ab1Impl.doQuicksort(Ab1Impl.java:194)
	at ab1.impl.Nachnamen.Ab1Impl.doQuicksort(Ab1Impl.java:194)
	at ab1.impl.Nachnamen.Ab1Impl.doQuicksort(Ab1Impl.java:194)
	at ab1.impl.Nachnamen.Ab1Impl.doQuicksort(Ab1Impl.java:194)
	at ab1.impl.Nachnamen.Ab1Impl.doQuicksort(Ab1Impl.java:194)
	at ab1.impl.Nachnamen.Ab1Impl.doQuicksort(Ab1Impl.java:194)
	at ab1.impl.Nachnamen.Ab1Impl.doQuicksort(Ab1Impl.java:194)
	at ab1.impl.Nachnamen.Ab1Impl.doQuicksort(Ab1Impl.java:194)
	at ab1.impl.Nachnamen.Ab1Impl.doQuicksort(Ab1Impl.java:194)
	at ab1.impl.Nachnamen.Ab1Impl.doQuicksort(Ab1Impl.java:194)
	at ab1.impl.Nachnamen.Ab1Impl.doQuicksort(Ab1Impl.java:194)
	at ab1.impl.Nachnamen.Ab1Impl.doQuicksort(Ab1Impl.java:194)
	at ab1.impl.Nachnamen.Ab1Impl.doQuicksort(Ab1Impl.java:194)
	at ab1.impl.Nachnamen.Ab1Impl.doQuicksort(Ab1Impl.java:194)
	at ab1.impl.Nachnamen.Ab1Impl.doQuicksort(Ab1Impl.java:194)
	at ab1.impl.Nachnamen.Ab1Impl.doQuicksort(Ab1Impl.java:194)
	at ab1.impl.Nachnamen.Ab1Impl.doQuicksort(Ab1Impl.java:194)
	at ab1.impl.Nachnamen.Ab1Impl.doQuicksort(Ab1Impl.java:194)
	at ab1.impl.Nachnamen.Ab1Impl.doQuicksort(Ab1Impl.java:194)
	at ab1.impl.Nachnamen.Ab1Impl.doQuicksort(Ab1Impl.java:194)
	at ab1.impl.Nachnamen.Ab1Impl.doQuicksort(Ab1Impl.java:194)
	at ab1.impl.Nachnamen.Ab1Impl.doQuicksort(Ab1Impl.java:194)
	at ab1.impl.Nachnamen.Ab1Impl.doQuicksort(Ab1Impl.java:194)
	at ab1.impl.Nachnamen.Ab1Impl.doQuicksort(Ab1Impl.java:194)
	at ab1.impl.Nachnamen.Ab1Impl.doQuicksort(Ab1Impl.java:194)
	at ab1.impl.Nachnamen.Ab1Impl.doQuicksort(Ab1Impl.java:194)
	at ab1.impl.Nachnamen.Ab1Impl.doQuicksort(Ab1Impl.java:194)
	at ab1.impl.Nachnamen.Ab1Impl.doQuicksort(Ab1Impl.java:194)
	at ab1.impl.Nachnamen.Ab1Impl.doQuicksort(Ab1Impl.java:194)
	at ab1.impl.Nachnamen.Ab1Impl.doQuicksort(Ab1Impl.java:194)
	at ab1.impl.Nachnamen.Ab1Impl.doQuicksort(Ab1Impl.java:194)
	at ab1.impl.Nachnamen.Ab1Impl.doQuicksort(Ab1Impl.java:194)
	at ab1.impl.Nachnamen.Ab1Impl.doQuicksort(Ab1Impl.java:194)
	at ab1.impl.Nachnamen.Ab1Impl.doQuicksort(Ab1Impl.java:194)
	at ab1.impl.Nachnamen.Ab1Impl.doQuicksort(Ab1Impl.java:194)
	at ab1.impl.Nachnamen.Ab1Impl.doQuicksort(Ab1Impl.java:194)
	at ab1.impl.Nachnamen.Ab1Impl.doQuicksort(Ab1Impl.java:194)
	at ab1.impl.Nachnamen.Ab1Impl.doQuicksort(Ab1Impl.java:194)
	at ab1.impl.Nachnamen.Ab1Impl.doQuicksort(Ab1Impl.java:194)
	at ab1.impl.Nachnamen.Ab1Impl.doQuicksort(Ab1Impl.java:194)
	at ab1.impl.Nachnamen.Ab1Impl.doQuicksort(Ab1Impl.java:194)
	at ab1.impl.Nachnamen.Ab1Impl.doQuicksort(Ab1Impl.java:194)
	at ab1.impl.Nachnamen.Ab1Impl.doQuicksort(Ab1Impl.java:194)
	at ab1.impl.Nachnamen.Ab1Impl.doQuicksort(Ab1Impl.java:194)
	at ab1.impl.Nachnamen.Ab1Impl.doQuicksort(Ab1Impl.java:194)
	at ab1.impl.Nachnamen.Ab1Impl.doQuicksort(Ab1Impl.java:194)
	at ab1.impl.Nachnamen.Ab1Impl.doQuicksort(Ab1Impl.java:194)
	at ab1.impl.Nachnamen.Ab1Impl.doQuicksort(Ab1Impl.java:194)
	at ab1.impl.Nachnamen.Ab1Impl.doQuicksort(Ab1Impl.java:194)
	at ab1.impl.Nachnamen.Ab1Impl.doQuicksort(Ab1Impl.java:194)
	at ab1.impl.Nachnamen.Ab1Impl.doQuicksort(Ab1Impl.java:194)
	at ab1.impl.Nachnamen.Ab1Impl.doQuicksort(Ab1Impl.java:194)
	at ab1.impl.Nachnamen.Ab1Impl.doQuicksort(Ab1Impl.java:194)
	at ab1.impl.Nachnamen.Ab1Impl.doQuicksort(Ab1Impl.java:194)
	at ab1.impl.Nachnamen.Ab1Impl.doQuicksort(Ab1Impl.java:194)
	at ab1.impl.Nachnamen.Ab1Impl.doQuicksort(Ab1Impl.java:194)
	at ab1.impl.Nachnamen.Ab1Impl.doQuicksort(Ab1Impl.java:194)
	at ab1.impl.Nachnamen.Ab1Impl.doQuicksort(Ab1Impl.java:194)
	at ab1.impl.Nachnamen.Ab1Impl.doQuicksort(Ab1Impl.java:194)
	at ab1.impl.Nachnamen.Ab1Impl.doQuicksort(Ab1Impl.java:194)
	at ab1.impl.Nachnamen.Ab1Impl.doQuicksort(Ab1Impl.java:194)
	at ab1.impl.Nachnamen.Ab1Impl.doQuicksort(Ab1Impl.java:194)
	at ab1.impl.Nachnamen.Ab1Impl.doQuicksort(Ab1Impl.java:194)
	at ab1.impl.Nachnamen.Ab1Impl.doQuicksort(Ab1Impl.java:194)
	at ab1.impl.Nachnamen.Ab1Impl.doQuicksort(Ab1Impl.java:194)
	at ab1.impl.Nachnamen.Ab1Impl.doQuicksort(Ab1Impl.java:194)
	at ab1.impl.Nachnamen.Ab1Impl.doQuicksort(Ab1Impl.java:194)
	at ab1.impl.Nachnamen.Ab1Impl.doQuicksort(Ab1Impl.java:194)
	at ab1.impl.Nachnamen.Ab1Impl.doQuicksort(Ab1Impl.java:194)
	at ab1.impl.Nachnamen.Ab1Impl.doQuicksort(Ab1Impl.java:194)
	at ab1.impl.Nachnamen.Ab1Impl.doQuicksort(Ab1Impl.java:194)
	at ab1.impl.Nachnamen.Ab1Impl.doQuicksort(Ab1Impl.java:194)
	at ab1.impl.Nachnamen.Ab1Impl.doQuicksort(Ab1Impl.java:194)
	at ab1.impl.Nachnamen.Ab1Impl.doQuicksort(Ab1Impl.java:194)
	at ab1.impl.Nachnamen.Ab1Impl.doQuicksort(Ab1Impl.java:194)
	at ab1.impl.Nachnamen.Ab1Impl.doQuicksort(Ab1Impl.java:194)
	at ab1.impl.Nachnamen.Ab1Impl.doQuicksort(Ab1Impl.java:194)
	at ab1.impl.Nachnamen.Ab1Impl.doQuicksort(Ab1Impl.java:194)
	at ab1.impl.Nachnamen.Ab1Impl.doQuicksort(Ab1Impl.java:194)
	at ab1.impl.Nachnamen.Ab1Impl.doQuicksort(Ab1Impl.java:194)
	at ab1.impl.Nachnamen.Ab1Impl.doQuicksort(Ab1Impl.java:194)
	at ab1.impl.Nachnamen.Ab1Impl.doQuicksort(Ab1Impl.java:194)
	at ab1.impl.Nachnamen.Ab1Impl.doQuicksort(Ab1Impl.java:194)
	at ab1.impl.Nachnamen.Ab1Impl.doQuicksort(Ab1Impl.java:194)
	at ab1.impl.Nachnamen.Ab1Impl.doQuicksort(Ab1Impl.java:194)
	at ab1.impl.Nachnamen.Ab1Impl.doQuicksort(Ab1Impl.java:194)
	at ab1.impl.Nachnamen.Ab1Impl.doQuicksort(Ab1Impl.java:194)
	at ab1.impl.Nachnamen.Ab1Impl.doQuicksort(Ab1Impl.java:194)
	at ab1.impl.Nachnamen.Ab1Impl.doQuicksort(Ab1Impl.java:194)
	at ab1.impl.Nachnamen.Ab1Impl.doQuicksort(Ab1Impl.java:194)
	at ab1.impl.Nachnamen.Ab1Impl.doQuicksort(Ab1Impl.java:194)
	at ab1.impl.Nachnamen.Ab1Impl.doQuicksort(Ab1Impl.java:194)
	at ab1.impl.Nachnamen.Ab1Impl.doQuicksort(Ab1Impl.java:194)
	at ab1.impl.Nachnamen.Ab1Impl.doQuicksort(Ab1Impl.java:194)
	at ab1.impl.Nachnamen.Ab1Impl.doQuicksort(Ab1Impl.java:194)
	at ab1.impl.Nachnamen.Ab1Impl.doQuicksort(Ab1Impl.java:194)
	at ab1.impl.Nachnamen.Ab1Impl.doQuicksort(Ab1Impl.java:194)
	at ab1.impl.Nachnamen.Ab1Impl.doQuicksort(Ab1Impl.java:194)
	at ab1.impl.Nachnamen.Ab1Impl.doQuicksort(Ab1Impl.java:194)
	at ab1.impl.Nachnamen.Ab1Impl.doQuicksort(Ab1Impl.java:194)
	at ab1.impl.Nachnamen.Ab1Impl.doQuicksort(Ab1Impl.java:194)
	at ab1.impl.Nachnamen.Ab1Impl.doQuicksort(Ab1Impl.java:194)
	at ab1.impl.Nachnamen.Ab1Impl.doQuicksort(Ab1Impl.java:194)
	at ab1.impl.Nachnamen.Ab1Impl.doQuicksort(Ab1Impl.java:194)
	at ab1.impl.Nachnamen.Ab1Impl.doQuicksort(Ab1Impl.java:194)
	at ab1.impl.Nachnamen.Ab1Impl.doQuicksort(Ab1Impl.java:194)
	at ab1.impl.Nachnamen.Ab1Impl.doQuicksort(Ab1Impl.java:194)
	at ab1.impl.Nachnamen.Ab1Impl.doQuicksort(Ab1Impl.java:194)
	at ab1.impl.Nachnamen.Ab1Impl.doQuicksort(Ab1Impl.java:194)
	at ab1.impl.Nachnamen.Ab1Impl.doQuicksort(Ab1Impl.java:194)
	at ab1.impl.Nachnamen.Ab1Impl.doQuicksort(Ab1Impl.java:194)
	at ab1.impl.Nachnamen.Ab1Impl.doQuicksort(Ab1Impl.java:194)
	at ab1.impl.Nachnamen.Ab1Impl.doQuicksort(Ab1Impl.java:194)
	at ab1.impl.Nachnamen.Ab1Impl.doQuicksort(Ab1Impl.java:194)
	at ab1.impl.Nachnamen.Ab1Impl.doQuicksort(Ab1Impl.java:194)
	at ab1.impl.Nachnamen.Ab1Impl.doQuicksort(Ab1Impl.java:194)
	at ab1.impl.Nachnamen.Ab1Impl.doQuicksort(Ab1Impl.java:194)
	at ab1.impl.Nachnamen.Ab1Impl.doQuicksort(Ab1Impl.java:194)
	at ab1.impl.Nachnamen.Ab1Impl.doQuicksort(Ab1Impl.java:194)
	at ab1.impl.Nachnamen.Ab1Impl.doQuicksort(Ab1Impl.java:194)
	at ab1.impl.Nachnamen.Ab1Impl.doQuicksort(Ab1Impl.java:194)
	at ab1.impl.Nachnamen.Ab1Impl.doQuicksort(Ab1Impl.java:194)
	at ab1.impl.Nachnamen.Ab1Impl.doQuicksort(Ab1Impl.java:194)
	at ab1.impl.Nachnamen.Ab1Impl.doQuicksort(Ab1Impl.java:194)
	at ab1.impl.Nachnamen.Ab1Impl.doQuicksort(Ab1Impl.java:194)
	at ab1.impl.Nachnamen.Ab1Impl.doQuicksort(Ab1Impl.java:194)
	at ab1.impl.Nachnamen.Ab1Impl.doQuicksort(Ab1Impl.java:194)
	at ab1.impl.Nachnamen.Ab1Impl.doQuicksort(Ab1Impl.java:194)
	at ab1.impl.Nachnamen.Ab1Impl.doQuicksort(Ab1Impl.java:194)
	at ab1.impl.Nachnamen.Ab1Impl.doQuicksort(Ab1Impl.java:194)
	at ab1.impl.Nachnamen.Ab1Impl.doQuicksort(Ab1Impl.java:194)
	at ab1.impl.Nachnamen.Ab1Impl.doQuicksort(Ab1Impl.java:194)
	at ab1.impl.Nachnamen.Ab1Impl.doQuicksort(Ab1Impl.java:194)
	at ab1.impl.Nachnamen.Ab1Impl.doQuicksort(Ab1Impl.java:194)
	at ab1.impl.Nachnamen.Ab1Impl.doQuicksort(Ab1Impl.java:194)
	at ab1.impl.Nachnamen.Ab1Impl.doQuicksort(Ab1Impl.java:194)
	at ab1.impl.Nachnamen.Ab1Impl.doQuicksort(Ab1Impl.java:194)
	at ab1.impl.Nachnamen.Ab1Impl.doQuicksort(Ab1Impl.java:194)
	at ab1.impl.Nachnamen.Ab1Impl.doQuicksort(Ab1Impl.java:194)
	at ab1.impl.Nachnamen.Ab1Impl.doQuicksort(Ab1Impl.java:194)
	at ab1.impl.Nachnamen.Ab1Impl.doQuicksort(Ab1Impl.java:194)
	at ab1.impl.Nachnamen.Ab1Impl.doQuicksort(Ab1Impl.java:194)
	at ab1.impl.Nachnamen.Ab1Impl.doQuicksort(Ab1Impl.java:194)
	at ab1.impl.Nachnamen.Ab1Impl.doQuicksort(Ab1Impl.java:194)
	at ab1.impl.Nachnamen.Ab1Impl.doQuicksort(Ab1Impl.java:194)
	at ab1.impl.Nachnamen.Ab1Impl.doQuicksort(Ab1Impl.java:194)
	at ab1.impl.Nachnamen.Ab1Impl.doQuicksort(Ab1Impl.java:194)
	at ab1.impl.Nachnamen.Ab1Impl.doQuicksort(Ab1Impl.java:194)
	at ab1.impl.Nachnamen.Ab1Impl.doQuicksort(Ab1Impl.java:194)
	at ab1.impl.Nachnamen.Ab1Impl.doQuicksort(Ab1Impl.java:194)
	at ab1.impl.Nachnamen.Ab1Impl.doQuicksort(Ab1Impl.java:194)
	at ab1.impl.Nachnamen.Ab1Impl.doQuicksort(Ab1Impl.java:194)
	at ab1.impl.Nachnamen.Ab1Impl.doQuicksort(Ab1Impl.java:194)
	at ab1.impl.Nachnamen.Ab1Impl.doQuicksort(Ab1Impl.java:194)
	at ab1.impl.Nachnamen.Ab1Impl.doQuicksort(Ab1Impl.java:194)
	at ab1.impl.Nachnamen.Ab1Impl.doQuicksort(Ab1Impl.java:194)
	at ab1.impl.Nachnamen.Ab1Impl.doQuicksort(Ab1Impl.java:194)
	at ab1.impl.Nachnamen.Ab1Impl.doQuicksort(Ab1Impl.java:194)
	at ab1.impl.Nachnamen.Ab1Impl.doQuicksort(Ab1Impl.java:194)
	at ab1.impl.Nachnamen.Ab1Impl.doQuicksort(Ab1Impl.java:194)
	at ab1.impl.Nachnamen.Ab1Impl.doQuicksort(Ab1Impl.java:194)
	at ab1.impl.Nachnamen.Ab1Impl.doQuicksort(Ab1Impl.java:194)
	at ab1.impl.Nachnamen.Ab1Impl.doQuicksort(Ab1Impl.java:194)
	at ab1.impl.Nachnamen.Ab1Impl.doQuicksort(Ab1Impl.java:194)
	at ab1.impl.Nachnamen.Ab1Impl.doQuicksort(Ab1Impl.java:194)
	at ab1.impl.Nachnamen.Ab1Impl.doQuicksort(Ab1Impl.java:194)
	at ab1.impl.Nachnamen.Ab1Impl.doQuicksort(Ab1Impl.java:194)
	at ab1.impl.Nachnamen.Ab1Impl.doQuicksort(Ab1Impl.java:194)
	at ab1.impl.Nachnamen.Ab1Impl.doQuicksort(Ab1Impl.java:194)
	at ab1.impl.Nachnamen.Ab1Impl.doQuicksort(Ab1Impl.java:194)
	at ab1.impl.Nachnamen.Ab1Impl.doQuicksort(Ab1Impl.java:194)
	at ab1.impl.Nachnamen.Ab1Impl.doQuicksort(Ab1Impl.java:194)
	at ab1.impl.Nachnamen.Ab1Impl.doQuicksort(Ab1Impl.java:194)
	at ab1.impl.Nachnamen.Ab1Impl.doQuicksort(Ab1Impl.java:194)
	at ab1.impl.Nachnamen.Ab1Impl.doQuicksort(Ab1Impl.java:194)
	at ab1.impl.Nachnamen.Ab1Impl.doQuicksort(Ab1Impl.java:194)
	at ab1.impl.Nachnamen.Ab1Impl.doQuicksort(Ab1Impl.java:194)
	at ab1.impl.Nachnamen.Ab1Impl.doQuicksort(Ab1Impl.java:194)
	at ab1.impl.Nachnamen.Ab1Impl.doQuicksort(Ab1Impl.java:194)
	at ab1.impl.Nachnamen.Ab1Impl.doQuicksort(Ab1Impl.java:194)
	at ab1.impl.Nachnamen.Ab1Impl.doQuicksort(Ab1Impl.java:194)
	at ab1.impl.Nachnamen.Ab1Impl.doQuicksort(Ab1Impl.java:194)
	at ab1.impl.Nachnamen.Ab1Impl.doQuicksort(Ab1Impl.java:194)
	at ab1.impl.Nachnamen.Ab1Impl.doQuicksort(Ab1Impl.java:194)
	at ab1.impl.Nachnamen.Ab1Impl.doQuicksort(Ab1Impl.java:194)
	at ab1.impl.Nachnamen.Ab1Impl.doQuicksort(Ab1Impl.java:194)
	at ab1.impl.Nachnamen.Ab1Impl.doQuicksort(Ab1Impl.java:194)
	at ab1.impl.Nachnamen.Ab1Impl.doQuicksort(Ab1Impl.java:194)
	at ab1.impl.Nachnamen.Ab1Impl.doQuicksort(Ab1Impl.java:194)
	at ab1.impl.Nachnamen.Ab1Impl.doQuicksort(Ab1Impl.java:194)
	at ab1.impl.Nachnamen.Ab1Impl.doQuicksort(Ab1Impl.java:194)
	at ab1.impl.Nachnamen.Ab1Impl.doQuicksort(Ab1Impl.java:194)
	at ab1.impl.Nachnamen.Ab1Impl.doQuicksort(Ab1Impl.java:194)
	at ab1.impl.Nachnamen.Ab1Impl.doQuicksort(Ab1Impl.java:194)
	at ab1.impl.Nachnamen.Ab1Impl.doQuicksort(Ab1Impl.java:194)
	at ab1.impl.Nachnamen.Ab1Impl.doQuicksort(Ab1Impl.java:194)
	at ab1.impl.Nachnamen.Ab1Impl.doQuicksort(Ab1Impl.java:194)
	at ab1.impl.Nachnamen.Ab1Impl.doQuicksort(Ab1Impl.java:194)
	at ab1.impl.Nachnamen.Ab1Impl.doQuicksort(Ab1Impl.java:194)
	at ab1.impl.Nachnamen.Ab1Impl.doQuicksort(Ab1Impl.java:194)
	at ab1.impl.Nachnamen.Ab1Impl.doQuicksort(Ab1Impl.java:194)
	at ab1.impl.Nachnamen.Ab1Impl.doQuicksort(Ab1Impl.java:194)
	at ab1.impl.Nachnamen.Ab1Impl.doQuicksort(Ab1Impl.java:194)
	at ab1.impl.Nachnamen.Ab1Impl.doQuicksort(Ab1Impl.java:194)
	at ab1.impl.Nachnamen.Ab1Impl.doQuicksort(Ab1Impl.java:194)
	at ab1.impl.Nachnamen.Ab1Impl.doQuicksort(Ab1Impl.java:194)
	at ab1.impl.Nachnamen.Ab1Impl.doQuicksort(Ab1Impl.java:194)
	at ab1.impl.Nachnamen.Ab1Impl.doQuicksort(Ab1Impl.java:194)
	at ab1.impl.Nachnamen.Ab1Impl.doQuicksort(Ab1Impl.java:194)
	at ab1.impl.Nachnamen.Ab1Impl.doQuicksort(Ab1Impl.java:194)
	at ab1.impl.Nachnamen.Ab1Impl.doQuicksort(Ab1Impl.java:194)
	at ab1.impl.Nachnamen.Ab1Impl.doQuicksort(Ab1Impl.java:194)
	at ab1.impl.Nachnamen.Ab1Impl.doQuicksort(Ab1Impl.java:194)
	at ab1.impl.Nachnamen.Ab1Impl.doQuicksort(Ab1Impl.java:194)
	at ab1.impl.Nachnamen.Ab1Impl.doQuicksort(Ab1Impl.java:194)
	at ab1.impl.Nachnamen.Ab1Impl.doQuicksort(Ab1Impl.java:194)
	at ab1.impl.Nachnamen.Ab1Impl.doQuicksort(Ab1Impl.java:194)
	at ab1.impl.Nachnamen.Ab1Impl.doQuicksort(Ab1Impl.java:194)
	at ab1.impl.Nachnamen.Ab1Impl.doQuicksort(Ab1Impl.java:194)
	at ab1.impl.Nachnamen.Ab1Impl.doQuicksort(Ab1Impl.java:194)
	at ab1.impl.Nachnamen.Ab1Impl.doQuicksort(Ab1Impl.java:194)
	at ab1.impl.Nachnamen.Ab1Impl.doQuicksort(Ab1Impl.java:194)
	at ab1.impl.Nachnamen.Ab1Impl.doQuicksort(Ab1Impl.java:194)
	at ab1.impl.Nachnamen.Ab1Impl.doQuicksort(Ab1Impl.java:194)
	at ab1.impl.Nachnamen.Ab1Impl.doQuicksort(Ab1Impl.java:194)
	at ab1.impl.Nachnamen.Ab1Impl.doQuicksort(Ab1Impl.java:194)
	at ab1.impl.Nachnamen.Ab1Impl.doQuicksort(Ab1Impl.java:194)
	at ab1.impl.Nachnamen.Ab1Impl.doQuicksort(Ab1Impl.java:194)
	at ab1.impl.Nachnamen.Ab1Impl.doQuicksort(Ab1Impl.java:194)
	at ab1.impl.Nachnamen.Ab1Impl.doQuicksort(Ab1Impl.java:194)
	at ab1.impl.Nachnamen.Ab1Impl.doQuicksort(Ab1Impl.java:194)
	at ab1.impl.Nachnamen.Ab1Impl.doQuicksort(Ab1Impl.java:194)
	at ab1.impl.Nachnamen.Ab1Impl.doQuicksort(Ab1Impl.java:194)
	at ab1.impl.Nachnamen.Ab1Impl.doQuicksort(Ab1Impl.java:194)
	at ab1.impl.Nachnamen.Ab1Impl.doQuicksort(Ab1Impl.java:194)
	at ab1.impl.Nachnamen.Ab1Impl.doQuicksort(Ab1Impl.java:194)
	at ab1.impl.Nachnamen.Ab1Impl.doQuicksort(Ab1Impl.java:194)
	at ab1.impl.Nachnamen.Ab1Impl.doQuicksort(Ab1Impl.java:194)
	at ab1.impl.Nachnamen.Ab1Impl.doQuicksort(Ab1Impl.java:194)
	at ab1.impl.Nachnamen.Ab1Impl.doQuicksort(Ab1Impl.java:194)
	at ab1.impl.Nachnamen.Ab1Impl.doQuicksort(Ab1Impl.java:194)
	at ab1.impl.Nachnamen.Ab1Impl.doQuicksort(Ab1Impl.java:194)
	at ab1.impl.Nachnamen.Ab1Impl.doQuicksort(Ab1Impl.java:194)
	at ab1.impl.Nachnamen.Ab1Impl.doQuicksort(Ab1Impl.java:194)
	at ab1.impl.Nachnamen.Ab1Impl.doQuicksort(Ab1Impl.java:194)
	at ab1.impl.Nachnamen.Ab1Impl.doQuicksort(Ab1Impl.java:194)
	at ab1.impl.Nachnamen.Ab1Impl.doQuicksort(Ab1Impl.java:194)
	at ab1.impl.Nachnamen.Ab1Impl.doQuicksort(Ab1Impl.java:194)
	at ab1.impl.Nachnamen.Ab1Impl.doQuicksort(Ab1Impl.java:194)
	at ab1.impl.Nachnamen.Ab1Impl.doQuicksort(Ab1Impl.java:194)
	at ab1.impl.Nachnamen.Ab1Impl.doQuicksort(Ab1Impl.java:194)
	at ab1.impl.Nachnamen.Ab1Impl.doQuicksort(Ab1Impl.java:194)
	at ab1.impl.Nachnamen.Ab1Impl.doQuicksort(Ab1Impl.java:194)
	at ab1.impl.Nachnamen.Ab1Impl.doQuicksort(Ab1Impl.java:194)
	at ab1.impl.Nachnamen.Ab1Impl.doQuicksort(Ab1Impl.java:194)
	at ab1.impl.Nachnamen.Ab1Impl.doQuicksort(Ab1Impl.java:194)
	at ab1.impl.Nachnamen.Ab1Impl.doQuicksort(Ab1Impl.java:194)
	at ab1.impl.Nachnamen.Ab1Impl.doQuicksort(Ab1Impl.java:194)
	at ab1.impl.Nachnamen.Ab1Impl.doQuicksort(Ab1Impl.java:194)
	at ab1.impl.Nachnamen.Ab1Impl.doQuicksort(Ab1Impl.java:194)
	at ab1.impl.Nachnamen.Ab1Impl.doQuicksort(Ab1Impl.java:194)
	at ab1.impl.Nachnamen.Ab1Impl.doQuicksort(Ab1Impl.java:194)
	at ab1.impl.Nachnamen.Ab1Impl.doQuicksort(Ab1Impl.java:194)
	at ab1.impl.Nachnamen.Ab1Impl.doQuicksort(Ab1Impl.java:194)
	at ab1.impl.Nachnamen.Ab1Impl.doQuicksort(Ab1Impl.java:194)
	at ab1.impl.Nachnamen.Ab1Impl.doQuicksort(Ab1Impl.java:194)
	at ab1.impl.Nachnamen.Ab1Impl.doQuicksort(Ab1Impl.java:194)
	at ab1.impl.Nachnamen.Ab1Impl.doQuicksort(Ab1Impl.java:194)
	at ab1.impl.Nachnamen.Ab1Impl.doQuicksort(Ab1Impl.java:194)
	at ab1.impl.Nachnamen.Ab1Impl.doQuicksort(Ab1Impl.java:194)
	at ab1.impl.Nachnamen.Ab1Impl.doQuicksort(Ab1Impl.java:194)
	at ab1.impl.Nachnamen.Ab1Impl.doQuicksort(Ab1Impl.java:194)
	at ab1.impl.Nachnamen.Ab1Impl.doQuicksort(Ab1Impl.java:194)
	at ab1.impl.Nachnamen.Ab1Impl.doQuicksort(Ab1Impl.java:194)
	at ab1.impl.Nachnamen.Ab1Impl.doQuicksort(Ab1Impl.java:194)
	at ab1.impl.Nachnamen.Ab1Impl.doQuicksort(Ab1Impl.java:194)
	at ab1.impl.Nachnamen.Ab1Impl.doQuicksort(Ab1Impl.java:194)
	at ab1.impl.Nachnamen.Ab1Impl.doQuicksort(Ab1Impl.java:194)
	at ab1.impl.Nachnamen.Ab1Impl.doQuicksort(Ab1Impl.java:194)
	at ab1.impl.Nachnamen.Ab1Impl.doQuicksort(Ab1Impl.java:194)
	at ab1.impl.Nachnamen.Ab1Impl.doQuicksort(Ab1Impl.java:194)
	at ab1.impl.Nachnamen.Ab1Impl.doQuicksort(Ab1Impl.java:194)
	at ab1.impl.Nachnamen.Ab1Impl.doQuicksort(Ab1Impl.java:194)
	at ab1.impl.Nachnamen.Ab1Impl.doQuicksort(Ab1Impl.java:194)
	at ab1.impl.Nachnamen.Ab1Impl.doQuicksort(Ab1Impl.java:194)
	at ab1.impl.Nachnamen.Ab1Impl.doQuicksort(Ab1Impl.java:194)
	at ab1.impl.Nachnamen.Ab1Impl.doQuicksort(Ab1Impl.java:194)
	at ab1.impl.Nachnamen.Ab1Impl.doQuicksort(Ab1Impl.java:194)
	at ab1.impl.Nachnamen.Ab1Impl.doQuicksort(Ab1Impl.java:194)
	at ab1.impl.Nachnamen.Ab1Impl.doQuicksort(Ab1Impl.java:194)
	at ab1.impl.Nachnamen.Ab1Impl.doQuicksort(Ab1Impl.java:194)
	at ab1.impl.Nachnamen.Ab1Impl.doQuicksort(Ab1Impl.java:194)
	at ab1.impl.Nachnamen.Ab1Impl.doQuicksort(Ab1Impl.java:194)
	at ab1.impl.Nachnamen.Ab1Impl.doQuicksort(Ab1Impl.java:194)
	at ab1.impl.Nachnamen.Ab1Impl.doQuicksort(Ab1Impl.java:194)
	at ab1.impl.Nachnamen.Ab1Impl.doQuicksort(Ab1Impl.java:194)
	at ab1.impl.Nachnamen.Ab1Impl.doQuicksort(Ab1Impl.java:194)
	at ab1.impl.Nachnamen.Ab1Impl.doQuicksort(Ab1Impl.java:194)
	at ab1.impl.Nachnamen.Ab1Impl.doQuicksort(Ab1Impl.java:194)
	at ab1.impl.Nachnamen.Ab1Impl.doQuicksort(Ab1Impl.java:194)
	at ab1.impl.Nachnamen.Ab1Impl.doQuicksort(Ab1Impl.java:194)
	at ab1.impl.Nachnamen.Ab1Impl.doQuicksort(Ab1Impl.java:194)
	at ab1.impl.Nachnamen.Ab1Impl.doQuicksort(Ab1Impl.java:194)
	at ab1.impl.Nachnamen.Ab1Impl.doQuicksort(Ab1Impl.java:194)
	at ab1.impl.Nachnamen.Ab1Impl.doQuicksort(Ab1Impl.java:194)
	at ab1.impl.Nachnamen.Ab1Impl.doQuicksort(Ab1Impl.java:194)
	at ab1.impl.Nachnamen.Ab1Impl.doQuicksort(Ab1Impl.java:194)
	at ab1.impl.Nachnamen.Ab1Impl.doQuicksort(Ab1Impl.java:194)
	at ab1.impl.Nachnamen.Ab1Impl.doQuicksort(Ab1Impl.java:194)
	at ab1.impl.Nachnamen.Ab1Impl.doQuicksort(Ab1Impl.java:194)
	at ab1.impl.Nachnamen.Ab1Impl.doQuicksort(Ab1Impl.java:194)
	at ab1.impl.Nachnamen.Ab1Impl.doQuicksort(Ab1Impl.java:194)
	at ab1.impl.Nachnamen.Ab1Impl.doQuicksort(Ab1Impl.java:194)
	at ab1.impl.Nachnamen.Ab1Impl.doQuicksort(Ab1Impl.java:194)
	at ab1.impl.Nachnamen.Ab1Impl.doQuicksort(Ab1Impl.java:194)
	at ab1.impl.Nachnamen.Ab1Impl.doQuicksort(Ab1Impl.java:194)
	at ab1.impl.Nachnamen.Ab1Impl.doQuicksort(Ab1Impl.java:194)
	at ab1.impl.Nachnamen.Ab1Impl.doQuicksort(Ab1Impl.java:194)
	at ab1.impl.Nachnamen.Ab1Impl.doQuicksort(Ab1Impl.java:194)
	at ab1.impl.Nachnamen.Ab1Impl.doQuicksort(Ab1Impl.java:194)
	at ab1.impl.Nachnamen.Ab1Impl.doQuicksort(Ab1Impl.java:194)
	at ab1.impl.Nachnamen.Ab1Impl.doQuicksort(Ab1Impl.java:194)
	at ab1.impl.Nachnamen.Ab1Impl.doQuicksort(Ab1Impl.java:194)
	at ab1.impl.Nachnamen.Ab1Impl.doQuicksort(Ab1Impl.java:194)
	at ab1.impl.Nachnamen.Ab1Impl.doQuicksort(Ab1Impl.java:194)
	at ab1.impl.Nachnamen.Ab1Impl.doQuicksort(Ab1Impl.java:194)
	at ab1.impl.Nachnamen.Ab1Impl.doQuicksort(Ab1Impl.java:194)
	at ab1.impl.Nachnamen.Ab1Impl.doQuicksort(Ab1Impl.java:194)
	at ab1.impl.Nachnamen.Ab1Impl.doQuicksort(Ab1Impl.java:194)
	at ab1.impl.Nachnamen.Ab1Impl.doQuicksort(Ab1Impl.java:194)
	at ab1.impl.Nachnamen.Ab1Impl.doQuicksort(Ab1Impl.java:194)
	at ab1.impl.Nachnamen.Ab1Impl.doQuicksort(Ab1Impl.java:194)
	at ab1.impl.Nachnamen.Ab1Impl.doQuicksort(Ab1Impl.java:194)
	at ab1.impl.Nachnamen.Ab1Impl.doQuicksort(Ab1Impl.java:194)
	at ab1.impl.Nachnamen.Ab1Impl.doQuicksort(Ab1Impl.java:194)
	at ab1.impl.Nachnamen.Ab1Impl.doQuicksort(Ab1Impl.java:194)
	at ab1.impl.Nachnamen.Ab1Impl.doQuicksort(Ab1Impl.java:194)
	at ab1.impl.Nachnamen.Ab1Impl.doQuicksort(Ab1Impl.java:194)
	at ab1.impl.Nachnamen.Ab1Impl.doQuicksort(Ab1Impl.java:194)
	at ab1.impl.Nachnamen.Ab1Impl.doQuicksort(Ab1Impl.java:194)
	at ab1.impl.Nachnamen.Ab1Impl.doQuicksort(Ab1Impl.java:194)
	at ab1.impl.Nachnamen.Ab1Impl.doQuicksort(Ab1Impl.java:194)
	at ab1.impl.Nachnamen.Ab1Impl.doQuicksort(Ab1Impl.java:194)
	at ab1.impl.Nachnamen.Ab1Impl.doQuicksort(Ab1Impl.java:194)
	at ab1.impl.Nachnamen.Ab1Impl.doQuicksort(Ab1Impl.java:194)
	at ab1.impl.Nachnamen.Ab1Impl.doQuicksort(Ab1Impl.java:194)
	at ab1.impl.Nachnamen.Ab1Impl.doQuicksort(Ab1Impl.java:194)
	at ab1.impl.Nachnamen.Ab1Impl.doQuicksort(Ab1Impl.java:194)
	at ab1.impl.Nachnamen.Ab1Impl.doQuicksort(Ab1Impl.java:194)
	at ab1.impl.Nachnamen.Ab1Impl.doQuicksort(Ab1Impl.java:194)
	at ab1.impl.Nachnamen.Ab1Impl.doQuicksort(Ab1Impl.java:194)
	at ab1.impl.Nachnamen.Ab1Impl.doQuicksort(Ab1Impl.java:194)
	at ab1.impl.Nachnamen.Ab1Impl.doQuicksort(Ab1Impl.java:194)
	at ab1.impl.Nachnamen.Ab1Impl.doQuicksort(Ab1Impl.java:194)
	at ab1.impl.Nachnamen.Ab1Impl.doQuicksort(Ab1Impl.java:194)
	at ab1.impl.Nachnamen.Ab1Impl.doQuicksort(Ab1Impl.java:194)
	at ab1.impl.Nachnamen.Ab1Impl.doQuicksort(Ab1Impl.java:194)
	at ab1.impl.Nachnamen.Ab1Impl.doQuicksort(Ab1Impl.java:194)
	at ab1.impl.Nachnamen.Ab1Impl.doQuicksort(Ab1Impl.java:194)
	at ab1.impl.Nachnamen.Ab1Impl.doQuicksort(Ab1Impl.java:194)
	at ab1.impl.Nachnamen.Ab1Impl.doQuicksort(Ab1Impl.java:194)
	at ab1.impl.Nachnamen.Ab1Impl.doQuicksort(Ab1Impl.java:194)
	at ab1.impl.Nachnamen.Ab1Impl.doQuicksort(Ab1Impl.java:194)
	at ab1.impl.Nachnamen.Ab1Impl.doQuicksort(Ab1Impl.java:194)
	at ab1.impl.Nachnamen.Ab1Impl.doQuicksort(Ab1Impl.java:194)
	at ab1.impl.Nachnamen.Ab1Impl.doQuicksort(Ab1Impl.java:194)
	at ab1.impl.Nachnamen.Ab1Impl.doQuicksort(Ab1Impl.java:194)
	at ab1.impl.Nachnamen.Ab1Impl.doQuicksort(Ab1Impl.java:194)
	at ab1.impl.Nachnamen.Ab1Impl.doQuicksort(Ab1Impl.java:194)
	at ab1.impl.Nachnamen.Ab1Impl.doQuicksort(Ab1Impl.java:194)
	at ab1.impl.Nachnamen.Ab1Impl.doQuicksort(Ab1Impl.java:194)
	at ab1.impl.Nachnamen.Ab1Impl.doQuicksort(Ab1Impl.java:194)
	at ab1.impl.Nachnamen.Ab1Impl.doQuicksort(Ab1Impl.java:194)
	at ab1.impl.Nachnamen.Ab1Impl.doQuicksort(Ab1Impl.java:194)
	at ab1.impl.Nachnamen.Ab1Impl.doQuicksort(Ab1Impl.java:194)
	at ab1.impl.Nachnamen.Ab1Impl.doQuicksort(Ab1Impl.java:194)
	at ab1.impl.Nachnamen.Ab1Impl.doQuicksort(Ab1Impl.java:194)
	at ab1.impl.Nachnamen.Ab1Impl.doQuicksort(Ab1Impl.java:194)
	at ab1.impl.Nachnamen.Ab1Impl.doQuicksort(Ab1Impl.java:194)
	at ab1.impl.Nachnamen.Ab1Impl.doQuicksort(Ab1Impl.java:194)
	at ab1.impl.Nachnamen.Ab1Impl.doQuicksort(Ab1Impl.java:194)
	at ab1.impl.Nachnamen.Ab1Impl.doQuicksort(Ab1Impl.java:194)
	at ab1.impl.Nachnamen.Ab1Impl.doQuicksort(Ab1Impl.java:194)
	at ab1.impl.Nachnamen.Ab1Impl.doQuicksort(Ab1Impl.java:194)
	at ab1.impl.Nachnamen.Ab1Impl.doQuicksort(Ab1Impl.java:194)
	at ab1.impl.Nachnamen.Ab1Impl.doQuicksort(Ab1Impl.java:194)
	at ab1.impl.Nachnamen.Ab1Impl.doQuicksort(Ab1Impl.java:194)
	at ab1.impl.Nachnamen.Ab1Impl.doQuicksort(Ab1Impl.java:194)
	at ab1.impl.Nachnamen.Ab1Impl.doQuicksort(Ab1Impl.java:194)
	at ab1.impl.Nachnamen.Ab1Impl.doQuicksort(Ab1Impl.java:194)
	at ab1.impl.Nachnamen.Ab1Impl.doQuicksort(Ab1Impl.java:194)
	at ab1.impl.Nachnamen.Ab1Impl.doQuicksort(Ab1Impl.java:194)
	at ab1.impl.Nachnamen.Ab1Impl.doQuicksort(Ab1Impl.java:194)
	at ab1.impl.Nachnamen.Ab1Impl.doQuicksort(Ab1Impl.java:194)
	at ab1.impl.Nachnamen.Ab1Impl.doQuicksort(Ab1Impl.java:194)
	at ab1.impl.Nachnamen.Ab1Impl.doQuicksort(Ab1Impl.java:194)
	at ab1.impl.Nachnamen.Ab1Impl.doQuicksort(Ab1Impl.java:194)
	at ab1.impl.Nachnamen.Ab1Impl.doQuicksort(Ab1Impl.java:194)
	at ab1.impl.Nachnamen.Ab1Impl.doQuicksort(Ab1Impl.java:194)
	at ab1.impl.Nachnamen.Ab1Impl.doQuicksort(Ab1Impl.java:194)
	at ab1.impl.Nachnamen.Ab1Impl.doQuicksort(Ab1Impl.java:194)
	at ab1.impl.Nachnamen.Ab1Impl.doQuicksort(Ab1Impl.java:194)
	at ab1.impl.Nachnamen.Ab1Impl.doQuicksort(Ab1Impl.java:194)
	at ab1.impl.Nachnamen.Ab1Impl.doQuicksort(Ab1Impl.java:194)
	at ab1.impl.Nachnamen.Ab1Impl.doQuicksort(Ab1Impl.java:194)
	at ab1.impl.Nachnamen.Ab1Impl.doQuicksort(Ab1Impl.java:194)
	at ab1.impl.Nachnamen.Ab1Impl.doQuicksort(Ab1Impl.java:194)
	at ab1.impl.Nachnamen.Ab1Impl.doQuicksort(Ab1Impl.java:194)
	at ab1.impl.Nachnamen.Ab1Impl.doQuicksort(Ab1Impl.java:194)
	at ab1.impl.Nachnamen.Ab1Impl.doQuicksort(Ab1Impl.java:194)
	at ab1.impl.Nachnamen.Ab1Impl.doQuicksort(Ab1Impl.java:194)
	at ab1.impl.Nachnamen.Ab1Impl.doQuicksort(Ab1Impl.java:194)
	at ab1.impl.Nachnamen.Ab1Impl.doQuicksort(Ab1Impl.java:194)
	at ab1.impl.Nachnamen.Ab1Impl.doQuicksort(Ab1Impl.java:194)
	at ab1.impl.Nachnamen.Ab1Impl.doQuicksort(Ab1Impl.java:194)
	at ab1.impl.Nachnamen.Ab1Impl.doQuicksort(Ab1Impl.java:194)
	at ab1.impl.Nachnamen.Ab1Impl.doQuicksort(Ab1Impl.java:194)
	at ab1.impl.Nachnamen.Ab1Impl.doQuicksort(Ab1Impl.java:194)
	at ab1.impl.Nachnamen.Ab1Impl.doQuicksort(Ab1Impl.java:194)
	at ab1.impl.Nachnamen.Ab1Impl.doQuicksort(Ab1Impl.java:194)
	at ab1.impl.Nachnamen.Ab1Impl.doQuicksort(Ab1Impl.java:194)
	at ab1.impl.Nachnamen.Ab1Impl.doQuicksort(Ab1Impl.java:194)
	at ab1.impl.Nachnamen.Ab1Impl.doQuicksort(Ab1Impl.java:194)
	at ab1.impl.Nachnamen.Ab1Impl.doQuicksort(Ab1Impl.java:194)
	at ab1.impl.Nachnamen.Ab1Impl.doQuicksort(Ab1Impl.java:194)
	at ab1.impl.Nachnamen.Ab1Impl.doQuicksort(Ab1Impl.java:194)
	at ab1.impl.Nachnamen.Ab1Impl.doQuicksort(Ab1Impl.java:194)
	at ab1.impl.Nachnamen.Ab1Impl.doQuicksort(Ab1Impl.java:194)
	at ab1.impl.Nachnamen.Ab1Impl.doQuicksort(Ab1Impl.java:194)
	at ab1.impl.Nachnamen.Ab1Impl.doQuicksort(Ab1Impl.java:194)
	at ab1.impl.Nachnamen.Ab1Impl.doQuicksort(Ab1Impl.java:194)
	at ab1.impl.Nachnamen.Ab1Impl.doQuicksort(Ab1Impl.java:194)
	at ab1.impl.Nachnamen.Ab1Impl.doQuicksort(Ab1Impl.java:194)
	at ab1.impl.Nachnamen.Ab1Impl.doQuicksort(Ab1Impl.java:194)
	at ab1.impl.Nachnamen.Ab1Impl.doQuicksort(Ab1Impl.java:194)
	at ab1.impl.Nachnamen.Ab1Impl.doQuicksort(Ab1Impl.java:194)
	at ab1.impl.Nachnamen.Ab1Impl.doQuicksort(Ab1Impl.java:194)
	at ab1.impl.Nachnamen.Ab1Impl.doQuicksort(Ab1Impl.java:194)
	at ab1.impl.Nachnamen.Ab1Impl.doQuicksort(Ab1Impl.java:194)
	at ab1.impl.Nachnamen.Ab1Impl.doQuicksort(Ab1Impl.java:194)
	at ab1.impl.Nachnamen.Ab1Impl.doQuicksort(Ab1Impl.java:194)
	at ab1.impl.Nachnamen.Ab1Impl.doQuicksort(Ab1Impl.java:194)
	at ab1.impl.Nachnamen.Ab1Impl.doQuicksort(Ab1Impl.java:194)
	at ab1.impl.Nachnamen.Ab1Impl.doQuicksort(Ab1Impl.java:194)
	at ab1.impl.Nachnamen.Ab1Impl.doQuicksort(Ab1Impl.java:194)
	at ab1.impl.Nachnamen.Ab1Impl.doQuicksort(Ab1Impl.java:194)
	at ab1.impl.Nachnamen.Ab1Impl.doQuicksort(Ab1Impl.java:194)
	at ab1.impl.Nachnamen.Ab1Impl.doQuicksort(Ab1Impl.java:194)
	at ab1.impl.Nachnamen.Ab1Impl.doQuicksort(Ab1Impl.java:194)
	at ab1.impl.Nachnamen.Ab1Impl.doQuicksort(Ab1Impl.java:194)
	at ab1.impl.Nachnamen.Ab1Impl.doQuicksort(Ab1Impl.java:194)
	at ab1.impl.Nachnamen.Ab1Impl.doQuicksort(Ab1Impl.java:194)
	at ab1.impl.Nachnamen.Ab1Impl.doQuicksort(Ab1Impl.java:194)
	at ab1.impl.Nachnamen.Ab1Impl.doQuicksort(Ab1Impl.java:194)
	at ab1.impl.Nachnamen.Ab1Impl.doQuicksort(Ab1Impl.java:194)
	at ab1.impl.Nachnamen.Ab1Impl.doQuicksort(Ab1Impl.java:194)
	at ab1.impl.Nachnamen.Ab1Impl.doQuicksort(Ab1Impl.java:194)
	at ab1.impl.Nachnamen.Ab1Impl.doQuicksort(Ab1Impl.java:194)
	at ab1.impl.Nachnamen.Ab1Impl.doQuicksort(Ab1Impl.java:194)
	at ab1.impl.Nachnamen.Ab1Impl.doQuicksort(Ab1Impl.java:194)
	at ab1.impl.Nachnamen.Ab1Impl.doQuicksort(Ab1Impl.java:194)
	at ab1.impl.Nachnamen.Ab1Impl.doQuicksort(Ab1Impl.java:194)
	at ab1.impl.Nachnamen.Ab1Impl.doQuicksort(Ab1Impl.java:194)
	at ab1.impl.Nachnamen.Ab1Impl.doQuicksort(Ab1Impl.java:194)
	at ab1.impl.Nachnamen.Ab1Impl.doQuicksort(Ab1Impl.java:194)
	at ab1.impl.Nachnamen.Ab1Impl.doQuicksort(Ab1Impl.java:194)
	at ab1.impl.Nachnamen.Ab1Impl.doQuicksort(Ab1Impl.java:194)
	at ab1.impl.Nachnamen.Ab1Impl.doQuicksort(Ab1Impl.java:194)
	at ab1.impl.Nachnamen.Ab1Impl.doQuicksort(Ab1Impl.java:194)
	at ab1.impl.Nachnamen.Ab1Impl.doQuicksort(Ab1Impl.java:194)
	at ab1.impl.Nachnamen.Ab1Impl.doQuicksort(Ab1Impl.java:194)
	at ab1.impl.Nachnamen.Ab1Impl.doQuicksort(Ab1Impl.java:194)
	at ab1.impl.Nachnamen.Ab1Impl.doQuicksort(Ab1Impl.java:194)
	at ab1.impl.Nachnamen.Ab1Impl.doQuicksort(Ab1Impl.java:194)
	at ab1.impl.Nachnamen.Ab1Impl.doQuicksort(Ab1Impl.java:194)
	at ab1.impl.Nachnamen.Ab1Impl.doQuicksort(Ab1Impl.java:194)
	at ab1.impl.Nachnamen.Ab1Impl.doQuicksort(Ab1Impl.java:194)
	at ab1.impl.Nachnamen.Ab1Impl.doQuicksort(Ab1Impl.java:194)
	at ab1.impl.Nachnamen.Ab1Impl.doQuicksort(Ab1Impl.java:194)
	at ab1.impl.Nachnamen.Ab1Impl.doQuicksort(Ab1Impl.java:194)
	at ab1.impl.Nachnamen.Ab1Impl.doQuicksort(Ab1Impl.java:194)
	at ab1.impl.Nachnamen.Ab1Impl.doQuicksort(Ab1Impl.java:194)
	at ab1.impl.Nachnamen.Ab1Impl.doQuicksort(Ab1Impl.java:194)
	at ab1.impl.Nachnamen.Ab1Impl.doQuicksort(Ab1Impl.java:194)
	at ab1.impl.Nachnamen.Ab1Impl.doQuicksort(Ab1Impl.java:194)
	at ab1.impl.Nachnamen.Ab1Impl.doQuicksort(Ab1Impl.java:194)
	at ab1.impl.Nachnamen.Ab1Impl.doQuicksort(Ab1Impl.java:194)
	at ab1.impl.Nachnamen.Ab1Impl.doQuicksort(Ab1Impl.java:194)
	at ab1.impl.Nachnamen.Ab1Impl.doQuicksort(Ab1Impl.java:194)
	at ab1.impl.Nachnamen.Ab1Impl.doQuicksort(Ab1Impl.java:194)
	at ab1.impl.Nachnamen.Ab1Impl.doQuicksort(Ab1Impl.java:194)
	at ab1.impl.Nachnamen.Ab1Impl.doQuicksort(Ab1Impl.java:194)
	at ab1.impl.Nachnamen.Ab1Impl.doQuicksort(Ab1Impl.java:194)
	at ab1.impl.Nachnamen.Ab1Impl.doQuicksort(Ab1Impl.java:194)
	at ab1.impl.Nachnamen.Ab1Impl.doQuicksort(Ab1Impl.java:194)
	at ab1.impl.Nachnamen.Ab1Impl.doQuicksort(Ab1Impl.java:194)
	at ab1.impl.Nachnamen.Ab1Impl.doQuicksort(Ab1Impl.java:194)
	at ab1.impl.Nachnamen.Ab1Impl.doQuicksort(Ab1Impl.java:194)
	at ab1.impl.Nachnamen.Ab1Impl.doQuicksort(Ab1Impl.java:194)
	at ab1.impl.Nachnamen.Ab1Impl.doQuicksort(Ab1Impl.java:194)
	at ab1.impl.Nachnamen.Ab1Impl.doQuicksort(Ab1Impl.java:194)
	at ab1.impl.Nachnamen.Ab1Impl.doQuicksort(Ab1Impl.java:194)
	at ab1.impl.Nachnamen.Ab1Impl.doQuicksort(Ab1Impl.java:194)
	at ab1.impl.Nachnamen.Ab1Impl.doQuicksort(Ab1Impl.java:194)
	at ab1.impl.Nachnamen.Ab1Impl.doQuicksort(Ab1Impl.java:194)
	at ab1.impl.Nachnamen.Ab1Impl.doQuicksort(Ab1Impl.java:194)
	at ab1.impl.Nachnamen.Ab1Impl.doQuicksort(Ab1Impl.java:194)
	at ab1.impl.Nachnamen.Ab1Impl.doQuicksort(Ab1Impl.java:194)
	at ab1.impl.Nachnamen.Ab1Impl.doQuicksort(Ab1Impl.java:194)
	at ab1.impl.Nachnamen.Ab1Impl.doQuicksort(Ab1Impl.java:194)
	at ab1.impl.Nachnamen.Ab1Impl.doQuicksort(Ab1Impl.java:194)
	at ab1.impl.Nachnamen.Ab1Impl.doQuicksort(Ab1Impl.java:194)
	at ab1.impl.Nachnamen.Ab1Impl.doQuicksort(Ab1Impl.java:194)
	at ab1.impl.Nachnamen.Ab1Impl.doQuicksort(Ab1Impl.java:194)
	at ab1.impl.Nachnamen.Ab1Impl.doQuicksort(Ab1Impl.java:194)
	at ab1.impl.Nachnamen.Ab1Impl.doQuicksort(Ab1Impl.java:194)
	at ab1.impl.Nachnamen.Ab1Impl.doQuicksort(Ab1Impl.java:194)
	at ab1.impl.Nachnamen.Ab1Impl.doQuicksort(Ab1Impl.java:194)
	at ab1.impl.Nachnamen.Ab1Impl.doQuicksort(Ab1Impl.java:194)
	at ab1.impl.Nachnamen.Ab1Impl.doQuicksort(Ab1Impl.java:194)
	at ab1.impl.Nachnamen.Ab1Impl.doQuicksort(Ab1Impl.java:194)
	at ab1.impl.Nachnamen.Ab1Impl.doQuicksort(Ab1Impl.java:194)
	at ab1.impl.Nachnamen.Ab1Impl.doQuicksort(Ab1Impl.java:194)
	at ab1.impl.Nachnamen.Ab1Impl.doQuicksort(Ab1Impl.java:194)
	at ab1.impl.Nachnamen.Ab1Impl.doQuicksort(Ab1Impl.java:194)
	at ab1.impl.Nachnamen.Ab1Impl.doQuicksort(Ab1Impl.java:194)
	at ab1.impl.Nachnamen.Ab1Impl.doQuicksort(Ab1Impl.java:194)
	at ab1.impl.Nachnamen.Ab1Impl.doQuicksort(Ab1Impl.java:194)
	at ab1.impl.Nachnamen.Ab1Impl.doQuicksort(Ab1Impl.java:194)
	at ab1.impl.Nachnamen.Ab1Impl.doQuicksort(Ab1Impl.java:194)
	at ab1.impl.Nachnamen.Ab1Impl.doQuicksort(Ab1Impl.java:194)
	at ab1.impl.Nachnamen.Ab1Impl.doQuicksort(Ab1Impl.java:194)
	at ab1.impl.Nachnamen.Ab1Impl.doQuicksort(Ab1Impl.java:194)
	at ab1.impl.Nachnamen.Ab1Impl.doQuicksort(Ab1Impl.java:194)
	at ab1.impl.Nachnamen.Ab1Impl.doQuicksort(Ab1Impl.java:194)
	at ab1.impl.Nachnamen.Ab1Impl.doQuicksort(Ab1Impl.java:194)
	at ab1.impl.Nachnamen.Ab1Impl.doQuicksort(Ab1Impl.java:194)
	at ab1.impl.Nachnamen.Ab1Impl.doQuicksort(Ab1Impl.java:194)
	at ab1.impl.Nachnamen.Ab1Impl.doQuicksort(Ab1Impl.java:194)
	at ab1.impl.Nachnamen.Ab1Impl.doQuicksort(Ab1Impl.java:194)
	at ab1.impl.Nachnamen.Ab1Impl.doQuicksort(Ab1Impl.java:194)
	at ab1.impl.Nachnamen.Ab1Impl.doQuicksort(Ab1Impl.java:194)
	at ab1.impl.Nachnamen.Ab1Impl.doQuicksort(Ab1Impl.java:194)
	at ab1.impl.Nachnamen.Ab1Impl.doQuicksort(Ab1Impl.java:194)
	at ab1.impl.Nachnamen.Ab1Impl.doQuicksort(Ab1Impl.java:194)
	at ab1.impl.Nachnamen.Ab1Impl.doQuicksort(Ab1Impl.java:194)
	at ab1.impl.Nachnamen.Ab1Impl.doQuicksort(Ab1Impl.java:194)
	at ab1.impl.Nachnamen.Ab1Impl.doQuicksort(Ab1Impl.java:194)
	at ab1.impl.Nachnamen.Ab1Impl.doQuicksort(Ab1Impl.java:194)
	at ab1.impl.Nachnamen.Ab1Impl.doQuicksort(Ab1Impl.java:194)
	at ab1.impl.Nachnamen.Ab1Impl.doQuicksort(Ab1Impl.java:194)
	at ab1.impl.Nachnamen.Ab1Impl.doQuicksort(Ab1Impl.java:194)
	at ab1.impl.Nachnamen.Ab1Impl.doQuicksort(Ab1Impl.java:194)
	at ab1.impl.Nachnamen.Ab1Impl.doQuicksort(Ab1Impl.java:194)
	at ab1.impl.Nachnamen.Ab1Impl.doQuicksort(Ab1Impl.java:194)
	at ab1.impl.Nachnamen.Ab1Impl.doQuicksort(Ab1Impl.java:194)
	at ab1.impl.Nachnamen.Ab1Impl.doQuicksort(Ab1Impl.java:194)
	at ab1.impl.Nachnamen.Ab1Impl.doQuicksort(Ab1Impl.java:194)
	at ab1.impl.Nachnamen.Ab1Impl.doQuicksort(Ab1Impl.java:194)
	at ab1.impl.Nachnamen.Ab1Impl.doQuicksort(Ab1Impl.java:194)
	at ab1.impl.Nachnamen.Ab1Impl.doQuicksort(Ab1Impl.java:194)
	at ab1.impl.Nachnamen.Ab1Impl.doQuicksort(Ab1Impl.java:194)
	at ab1.impl.Nachnamen.Ab1Impl.doQuicksort(Ab1Impl.java:194)
	at ab1.impl.Nachnamen.Ab1Impl.doQuicksort(Ab1Impl.java:194)
	at ab1.impl.Nachnamen.Ab1Impl.doQuicksort(Ab1Impl.java:194)
	at ab1.impl.Nachnamen.Ab1Impl.doQuicksort(Ab1Impl.java:194)
	at ab1.impl.Nachnamen.Ab1Impl.doQuicksort(Ab1Impl.java:194)
	at ab1.impl.Nachnamen.Ab1Impl.doQuicksort(Ab1Impl.java:194)
	at ab1.impl.Nachnamen.Ab1Impl.doQuicksort(Ab1Impl.java:194)
	at ab1.impl.Nachnamen.Ab1Impl.doQuicksort(Ab1Impl.java:194)
	at ab1.impl.Nachnamen.Ab1Impl.doQuicksort(Ab1Impl.java:194)
	at ab1.impl.Nachnamen.Ab1Impl.doQuicksort(Ab1Impl.java:194)
	at ab1.impl.Nachnamen.Ab1Impl.doQuicksort(Ab1Impl.java:194)
	at ab1.impl.Nachnamen.Ab1Impl.doQuicksort(Ab1Impl.java:194)
	at ab1.impl.Nachnamen.Ab1Impl.doQuicksort(Ab1Impl.java:194)
	at ab1.impl.Nachnamen.Ab1Impl.doQuicksort(Ab1Impl.java:194)
	at ab1.impl.Nachnamen.Ab1Impl.doQuicksort(Ab1Impl.java:194)
	at ab1.impl.Nachnamen.Ab1Impl.doQuicksort(Ab1Impl.java:194)
	at ab1.impl.Nachnamen.Ab1Impl.doQuicksort(Ab1Impl.java:194)
	at ab1.impl.Nachnamen.Ab1Impl.doQuicksort(Ab1Impl.java:194)
	at ab1.impl.Nachnamen.Ab1Impl.doQuicksort(Ab1Impl.java:194)
	at ab1.impl.Nachnamen.Ab1Impl.doQuicksort(Ab1Impl.java:194)
	at ab1.impl.Nachnamen.Ab1Impl.doQuicksort(Ab1Impl.java:194)
	at ab1.impl.Nachnamen.Ab1Impl.doQuicksort(Ab1Impl.java:194)
	at ab1.impl.Nachnamen.Ab1Impl.doQuicksort(Ab1Impl.java:194)
	at ab1.impl.Nachnamen.Ab1Impl.doQuicksort(Ab1Impl.java:194)
	at ab1.impl.Nachnamen.Ab1Impl.doQuicksort(Ab1Impl.java:194)
	at ab1.impl.Nachnamen.Ab1Impl.doQuicksort(Ab1Impl.java:194)
	at ab1.impl.Nachnamen.Ab1Impl.doQuicksort(Ab1Impl.java:194)
	at ab1.impl.Nachnamen.Ab1Impl.doQuicksort(Ab1Impl.java:194)
	at ab1.impl.Nachnamen.Ab1Impl.doQuicksort(Ab1Impl.java:194)
	at ab1.impl.Nachnamen.Ab1Impl.doQuicksort(Ab1Impl.java:194)
	at ab1.impl.Nachnamen.Ab1Impl.doQuicksort(Ab1Impl.java:194)
	at ab1.impl.Nachnamen.Ab1Impl.doQuicksort(Ab1Impl.java:194)
	at ab1.impl.Nachnamen.Ab1Impl.doQuicksort(Ab1Impl.java:194)
	at ab1.impl.Nachnamen.Ab1Impl.doQuicksort(Ab1Impl.java:194)
	at ab1.impl.Nachnamen.Ab1Impl.doQuicksort(Ab1Impl.java:194)
	at ab1.impl.Nachnamen.Ab1Impl.doQuicksort(Ab1Impl.java:194)
	at ab1.impl.Nachnamen.Ab1Impl.doQuicksort(Ab1Impl.java:194)
	at ab1.impl.Nachnamen.Ab1Impl.doQuicksort(Ab1Impl.java:194)
	at ab1.impl.Nachnamen.Ab1Impl.doQuicksort(Ab1Impl.java:194)
	at ab1.impl.Nachnamen.Ab1Impl.doQuicksort(Ab1Impl.java:194)
	at ab1.impl.Nachnamen.Ab1Impl.doQuicksort(Ab1Impl.java:194)
	at ab1.impl.Nachnamen.Ab1Impl.doQuicksort(Ab1Impl.java:194)
	at ab1.impl.Nachnamen.Ab1Impl.doQuicksort(Ab1Impl.java:194)
	at ab1.impl.Nachnamen.Ab1Impl.doQuicksort(Ab1Impl.java:194)
	at ab1.impl.Nachnamen.Ab1Impl.doQuicksort(Ab1Impl.java:194)
	at ab1.impl.Nachnamen.Ab1Impl.doQuicksort(Ab1Impl.java:194)
	at ab1.impl.Nachnamen.Ab1Impl.doQuicksort(Ab1Impl.java:194)
	at ab1.impl.Nachnamen.Ab1Impl.doQuicksort(Ab1Impl.java:194)
	at ab1.impl.Nachnamen.Ab1Impl.doQuicksort(Ab1Impl.java:194)
	at ab1.impl.Nachnamen.Ab1Impl.doQuicksort(Ab1Impl.java:194)
	at ab1.impl.Nachnamen.Ab1Impl.doQuicksort(Ab1Impl.java:194)
	at ab1.impl.Nachnamen.Ab1Impl.doQuicksort(Ab1Impl.java:194)
	at ab1.impl.Nachnamen.Ab1Impl.doQuicksort(Ab1Impl.java:194)
	at ab1.impl.Nachnamen.Ab1Impl.doQuicksort(Ab1Impl.java:194)
	at ab1.impl.Nachnamen.Ab1Impl.doQuicksort(Ab1Impl.java:194)
	at ab1.impl.Nachnamen.Ab1Impl.doQuicksort(Ab1Impl.java:194)
	at ab1.impl.Nachnamen.Ab1Impl.doQuicksort(Ab1Impl.java:194)
	at ab1.impl.Nachnamen.Ab1Impl.doQuicksort(Ab1Impl.java:194)
	at ab1.impl.Nachnamen.Ab1Impl.doQuicksort(Ab1Impl.java:194)
	at ab1.impl.Nachnamen.Ab1Impl.doQuicksort(Ab1Impl.java:194)
	at ab1.impl.Nachnamen.Ab1Impl.doQuicksort(Ab1Impl.java:194)
	at ab1.impl.Nachnamen.Ab1Impl.doQuicksort(Ab1Impl.java:194)
	at ab1.impl.Nachnamen.Ab1Impl.doQuicksort(Ab1Impl.java:194)
	at ab1.impl.Nachnamen.Ab1Impl.doQuicksort(Ab1Impl.java:194)
	at ab1.impl.Nachnamen.Ab1Impl.doQuicksort(Ab1Impl.java:194)
	at ab1.impl.Nachnamen.Ab1Impl.doQuicksort(Ab1Impl.java:194)
	at ab1.impl.Nachnamen.Ab1Impl.doQuicksort(Ab1Impl.java:194)
	at ab1.impl.Nachnamen.Ab1Impl.doQuicksort(Ab1Impl.java:194)
	at ab1.impl.Nachnamen.Ab1Impl.doQuicksort(Ab1Impl.java:194)
	at ab1.impl.Nachnamen.Ab1Impl.doQuicksort(Ab1Impl.java:194)
	at ab1.impl.Nachnamen.Ab1Impl.doQuicksort(Ab1Impl.java:194)
	at ab1.impl.Nachnamen.Ab1Impl.doQuicksort(Ab1Impl.java:194)
	at ab1.impl.Nachnamen.Ab1Impl.doQuicksort(Ab1Impl.java:194)
	at ab1.impl.Nachnamen.Ab1Impl.doQuicksort(Ab1Impl.java:194)
	at ab1.impl.Nachnamen.Ab1Impl.doQuicksort(Ab1Impl.java:194)
	at ab1.impl.Nachnamen.Ab1Impl.doQuicksort(Ab1Impl.java:194)
	at ab1.impl.Nachnamen.Ab1Impl.doQuicksort(Ab1Impl.java:194)
	at ab1.impl.Nachnamen.Ab1Impl.doQuicksort(Ab1Impl.java:194)
	at ab1.impl.Nachnamen.Ab1Impl.doQuicksort(Ab1Impl.java:194)
	at ab1.impl.Nachnamen.Ab1Impl.doQuicksort(Ab1Impl.java:194)
	at ab1.impl.Nachnamen.Ab1Impl.doQuicksort(Ab1Impl.java:194)
	at ab1.impl.Nachnamen.Ab1Impl.doQuicksort(Ab1Impl.java:194)
	at ab1.impl.Nachnamen.Ab1Impl.doQuicksort(Ab1Impl.java:194)
	at ab1.impl.Nachnamen.Ab1Impl.doQuicksort(Ab1Impl.java:194)
	at ab1.impl.Nachnamen.Ab1Impl.doQuicksort(Ab1Impl.java:194)
	at ab1.impl.Nachnamen.Ab1Impl.doQuicksort(Ab1Impl.java:194)
	at ab1.impl.Nachnamen.Ab1Impl.doQuicksort(Ab1Impl.java:194)
	at ab1.impl.Nachnamen.Ab1Impl.doQuicksort(Ab1Impl.java:194)
	at ab1.impl.Nachnamen.Ab1Impl.doQuicksort(Ab1Impl.java:194)
	at ab1.impl.Nachnamen.Ab1Impl.doQuicksort(Ab1Impl.java:194)
	at ab1.impl.Nachnamen.Ab1Impl.doQuicksort(Ab1Impl.java:194)
	at ab1.impl.Nachnamen.Ab1Impl.doQuicksort(Ab1Impl.java:194)
	at ab1.impl.Nachnamen.Ab1Impl.doQuicksort(Ab1Impl.java:194)
	at ab1.impl.Nachnamen.Ab1Impl.doQuicksort(Ab1Impl.java:194)
	at ab1.impl.Nachnamen.Ab1Impl.doQuicksort(Ab1Impl.java:194)
	at ab1.impl.Nachnamen.Ab1Impl.doQuicksort(Ab1Impl.java:194)
	at ab1.impl.Nachnamen.Ab1Impl.doQuicksort(Ab1Impl.java:194)
	at ab1.impl.Nachnamen.Ab1Impl.doQuicksort(Ab1Impl.java:194)
	at ab1.impl.Nachnamen.Ab1Impl.doQuicksort(Ab1Impl.java:194)
	at ab1.impl.Nachnamen.Ab1Impl.doQuicksort(Ab1Impl.java:194)
	at ab1.impl.Nachnamen.Ab1Impl.doQuicksort(Ab1Impl.java:194)
	at ab1.impl.Nachnamen.Ab1Impl.doQuicksort(Ab1Impl.java:194)
	at ab1.impl.Nachnamen.Ab1Impl.doQuicksort(Ab1Impl.java:194)
	at ab1.impl.Nachnamen.Ab1Impl.doQuicksort(Ab1Impl.java:194)
	at ab1.impl.Nachnamen.Ab1Impl.doQuicksort(Ab1Impl.java:194)
	at ab1.impl.Nachnamen.Ab1Impl.doQuicksort(Ab1Impl.java:194)
	at ab1.impl.Nachnamen.Ab1Impl.doQuicksort(Ab1Impl.java:194)
	at ab1.impl.Nachnamen.Ab1Impl.doQuicksort(Ab1Impl.java:194)
	at ab1.impl.Nachnamen.Ab1Impl.doQuicksort(Ab1Impl.java:194)
	at ab1.impl.Nachnamen.Ab1Impl.doQuicksort(Ab1Impl.java:194)
	at ab1.impl.Nachnamen.Ab1Impl.doQuicksort(Ab1Impl.java:194)
	at ab1.impl.Nachnamen.Ab1Impl.doQuicksort(Ab1Impl.java:194)
	at ab1.impl.Nachnamen.Ab1Impl.doQuicksort(Ab1Impl.java:194)
	at ab1.impl.Nachnamen.Ab1Impl.doQuicksort(Ab1Impl.java:194)
	at ab1.impl.Nachnamen.Ab1Impl.doQuicksort(Ab1Impl.java:194)
	at ab1.impl.Nachnamen.Ab1Impl.doQuicksort(Ab1Impl.java:194)
	at ab1.impl.Nachnamen.Ab1Impl.doQuicksort(Ab1Impl.java:194)
	at ab1.impl.Nachnamen.Ab1Impl.doQuicksort(Ab1Impl.java:194)
	at ab1.impl.Nachnamen.Ab1Impl.doQuicksort(Ab1Impl.java:194)
	at ab1.impl.Nachnamen.Ab1Impl.doQuicksort(Ab1Impl.java:194)
	at ab1.impl.Nachnamen.Ab1Impl.doQuicksort(Ab1Impl.java:194)
	at ab1.impl.Nachnamen.Ab1Impl.doQuicksort(Ab1Impl.java:194)
	at ab1.impl.Nachnamen.Ab1Impl.doQuicksort(Ab1Impl.java:194)
	at ab1.impl.Nachnamen.Ab1Impl.doQuicksort(Ab1Impl.java:194)
	at ab1.impl.Nachnamen.Ab1Impl.doQuicksort(Ab1Impl.java:194)
	at ab1.impl.Nachnamen.Ab1Impl.doQuicksort(Ab1Impl.java:194)
	at ab1.impl.Nachnamen.Ab1Impl.doQuicksort(Ab1Impl.java:194)
	at ab1.impl.Nachnamen.Ab1Impl.doQuicksort(Ab1Impl.java:194)
	at ab1.impl.Nachnamen.Ab1Impl.doQuicksort(Ab1Impl.java:194)
	at ab1.impl.Nachnamen.Ab1Impl.doQuicksort(Ab1Impl.java:194)
	at ab1.impl.Nachnamen.Ab1Impl.doQuicksort(Ab1Impl.java:194)
	at ab1.impl.Nachnamen.Ab1Impl.doQuicksort(Ab1Impl.java:194)
</failure>
  </testcase>
  <testcase name="testQuickSortSmall()" classname="ab1.Ab1Tests" time="0.041"/>
  <testcase name="testToMinHeapSorted()" classname="ab1.Ab1Tests" time="0.024"/>
  <testcase name="testRemoveHeapElementLarge()" classname="ab1.Ab1Tests" time="0.656"/>
  <testcase name="testRemoveHeapElementSmall()" classname="ab1.Ab1Tests" time="0.012"/>
  <testcase name="testListInsert()" classname="ab1.Ab1Tests" time="1.8"/>
  <testcase name="testListMaximum()" classname="ab1.Ab1Tests" time="1.78"/>
  <testcase name="testHeapSortLarge()" classname="ab1.Ab1Tests" time="4.69"/>
  <testcase name="testHeapSortSmall()" classname="ab1.Ab1Tests" time="0.049"/>
  <testcase name="testListReverse()" classname="ab1.Ab1Tests" time="1.797"/>
  <testcase name="testToMinHeapCornerCases()" classname="ab1.Ab1Tests" time="0.001"/>
  <testcase name="testToMinHeapLarge()" classname="ab1.Ab1Tests" time="0.331"/>
  <testcase name="testToMinHeapSmall()" classname="ab1.Ab1Tests" time="0.006"/>
  <system-out><![CDATA[]]></system-out>
  <system-err><![CDATA[]]></system-err>
</testsuite>
