<?xml version="1.0" encoding="UTF-8"?>
<testsuite name="ab1.Ab1Tests" tests="1" skipped="0" failures="0" errors="0" timestamp="2022-05-08T18:24:41" hostname="DESKTOP-9G53RJF" time="0.012">
  <properties/>
  <testcase name="testListReverseEmptyList()" classname="ab1.Ab1Tests" time="0.012"/>
  <system-out><![CDATA[]]></system-out>
  <system-err><![CDATA[]]></system-err>
</testsuite>
