<?xml version="1.0" encoding="UTF-8"?>
<testsuite name="ab2.Ab2Tests" tests="1" skipped="0" failures="0" errors="0" timestamp="2022-06-01T08:25:54" hostname="LAPTOP-E3I03TO2" time="0.188">
  <properties/>
  <testcase name="testHashDouble()" classname="ab2.Ab2Tests" time="0.188"/>
  <system-out><![CDATA[]]></system-out>
  <system-err><![CDATA[]]></system-err>
</testsuite>
